{"/home/tejeswar/Desktop/DevTracker/backend/index.js": {"path":"/home/tejeswar/Desktop/DevTracker/backend/index.js","statementMap":{"0":{"start":{"line":1,"column":0},"end":{"line":1,"column":27}},"1":{"start":{"line":2,"column":16},"end":{"line":2,"column":34}},"2":{"start":{"line":3,"column":18},"end":{"line":3,"column":40}},"3":{"start":{"line":4,"column":13},"end":{"line":4,"column":28}},"4":{"start":{"line":5,"column":15},"end":{"line":5,"column":32}},"5":{"start":{"line":6,"column":18},"end":{"line":6,"column":47}},"6":{"start":{"line":11,"column":0},"end":{"line":14,"column":1}},"7":{"start":{"line":12,"column":2},"end":{"line":12,"column":62}},"8":{"start":{"line":13,"column":2},"end":{"line":13,"column":18}},"9":{"start":{"line":15,"column":0},"end":{"line":18,"column":1}},"10":{"start":{"line":16,"column":2},"end":{"line":16,"column":61}},"11":{"start":{"line":17,"column":2},"end":{"line":17,"column":18}},"12":{"start":{"line":20,"column":12},"end":{"line":20,"column":21}},"13":{"start":{"line":23,"column":0},"end":{"line":23,"column":12}},"14":{"start":{"line":28,"column":0},"end":{"line":36,"column":1}},"15":{"start":{"line":29,"column":2},"end":{"line":35,"column":5}},"16":{"start":{"line":30,"column":4},"end":{"line":34,"column":5}},"17":{"start":{"line":31,"column":6},"end":{"line":31,"column":62}},"18":{"start":{"line":33,"column":6},"end":{"line":33,"column":13}},"19":{"start":{"line":43,"column":0},"end":{"line":53,"column":4}},"20":{"start":{"line":56,"column":23},"end":{"line":60,"column":17}},"21":{"start":{"line":62,"column":0},"end":{"line":73,"column":4}},"22":{"start":{"line":65,"column":4},"end":{"line":65,"column":45}},"23":{"start":{"line":65,"column":17},"end":{"line":65,"column":45}},"24":{"start":{"line":66,"column":4},"end":{"line":70,"column":5}},"25":{"start":{"line":67,"column":6},"end":{"line":67,"column":27}},"26":{"start":{"line":69,"column":6},"end":{"line":69,"column":49}},"27":{"start":{"line":76,"column":22},"end":{"line":82,"column":2}},"28":{"start":{"line":85,"column":20},"end":{"line":90,"column":2}},"29":{"start":{"line":92,"column":0},"end":{"line":92,"column":31}},"30":{"start":{"line":93,"column":0},"end":{"line":93,"column":38}},"31":{"start":{"line":94,"column":0},"end":{"line":94,"column":35}},"32":{"start":{"line":97,"column":0},"end":{"line":97,"column":41}},"33":{"start":{"line":98,"column":0},"end":{"line":98,"column":63}},"34":{"start":{"line":103,"column":0},"end":{"line":109,"column":3}},"35":{"start":{"line":104,"column":2},"end":{"line":108,"column":5}},"36":{"start":{"line":112,"column":0},"end":{"line":112,"column":41}},"37":{"start":{"line":113,"column":0},"end":{"line":113,"column":50}},"38":{"start":{"line":118,"column":0},"end":{"line":124,"column":3}},"39":{"start":{"line":119,"column":2},"end":{"line":119,"column":41}},"40":{"start":{"line":120,"column":2},"end":{"line":123,"column":5}},"41":{"start":{"line":126,"column":13},"end":{"line":126,"column":37}},"42":{"start":{"line":127,"column":0},"end":{"line":136,"column":3}},"43":{"start":{"line":128,"column":2},"end":{"line":128,"column":58}},"44":{"start":{"line":129,"column":2},"end":{"line":129,"column":48}},"45":{"start":{"line":130,"column":2},"end":{"line":130,"column":33}},"46":{"start":{"line":131,"column":2},"end":{"line":131,"column":73}},"47":{"start":{"line":132,"column":2},"end":{"line":132,"column":64}},"48":{"start":{"line":133,"column":2},"end":{"line":133,"column":71}},"49":{"start":{"line":134,"column":2},"end":{"line":134,"column":65}},"50":{"start":{"line":135,"column":2},"end":{"line":135,"column":55}}},"fnMap":{"0":{"name":"(anonymous_0)","decl":{"start":{"line":29,"column":10},"end":{"line":29,"column":11}},"loc":{"start":{"line":29,"column":30},"end":{"line":35,"column":3}},"line":29},"1":{"name":"(anonymous_1)","decl":{"start":{"line":63,"column":10},"end":{"line":63,"column":11}},"loc":{"start":{"line":63,"column":32},"end":{"line":71,"column":3}},"line":63},"2":{"name":"(anonymous_2)","decl":{"start":{"line":103,"column":19},"end":{"line":103,"column":20}},"loc":{"start":{"line":103,"column":33},"end":{"line":109,"column":1}},"line":103},"3":{"name":"(anonymous_3)","decl":{"start":{"line":118,"column":8},"end":{"line":118,"column":9}},"loc":{"start":{"line":118,"column":33},"end":{"line":124,"column":1}},"line":118},"4":{"name":"(anonymous_4)","decl":{"start":{"line":127,"column":17},"end":{"line":127,"column":18}},"loc":{"start":{"line":127,"column":23},"end":{"line":136,"column":1}},"line":127}},"branchMap":{"0":{"loc":{"start":{"line":11,"column":0},"end":{"line":14,"column":1}},"type":"if","locations":[{"start":{"line":11,"column":0},"end":{"line":14,"column":1}},{"start":{},"end":{}}],"line":11},"1":{"loc":{"start":{"line":15,"column":0},"end":{"line":18,"column":1}},"type":"if","locations":[{"start":{"line":15,"column":0},"end":{"line":18,"column":1}},{"start":{},"end":{}}],"line":15},"2":{"loc":{"start":{"line":28,"column":0},"end":{"line":36,"column":1}},"type":"if","locations":[{"start":{"line":28,"column":0},"end":{"line":36,"column":1}},{"start":{},"end":{}}],"line":28},"3":{"loc":{"start":{"line":30,"column":4},"end":{"line":34,"column":5}},"type":"if","locations":[{"start":{"line":30,"column":4},"end":{"line":34,"column":5}},{"start":{"line":32,"column":11},"end":{"line":34,"column":5}}],"line":30},"4":{"loc":{"start":{"line":65,"column":4},"end":{"line":65,"column":45}},"type":"if","locations":[{"start":{"line":65,"column":4},"end":{"line":65,"column":45}},{"start":{},"end":{}}],"line":65},"5":{"loc":{"start":{"line":66,"column":4},"end":{"line":70,"column":5}},"type":"if","locations":[{"start":{"line":66,"column":4},"end":{"line":70,"column":5}},{"start":{"line":68,"column":11},"end":{"line":70,"column":5}}],"line":66},"6":{"loc":{"start":{"line":107,"column":17},"end":{"line":107,"column":54}},"type":"binary-expr","locations":[{"start":{"line":107,"column":17},"end":{"line":107,"column":37}},{"start":{"line":107,"column":41},"end":{"line":107,"column":54}}],"line":107},"7":{"loc":{"start":{"line":122,"column":11},"end":{"line":122,"column":75}},"type":"cond-expr","locations":[{"start":{"line":122,"column":52},"end":{"line":122,"column":63}},{"start":{"line":122,"column":66},"end":{"line":122,"column":75}}],"line":122},"8":{"loc":{"start":{"line":126,"column":13},"end":{"line":126,"column":37}},"type":"binary-expr","locations":[{"start":{"line":126,"column":13},"end":{"line":126,"column":29}},{"start":{"line":126,"column":33},"end":{"line":126,"column":37}}],"line":126},"9":{"loc":{"start":{"line":131,"column":34},"end":{"line":131,"column":71}},"type":"binary-expr","locations":[{"start":{"line":131,"column":34},"end":{"line":131,"column":54}},{"start":{"line":131,"column":58},"end":{"line":131,"column":71}}],"line":131}},"s":{"0":0,"1":0,"2":0,"3":0,"4":0,"5":0,"6":0,"7":0,"8":0,"9":0,"10":0,"11":0,"12":0,"13":0,"14":0,"15":0,"16":0,"17":0,"18":0,"19":0,"20":0,"21":0,"22":0,"23":0,"24":0,"25":0,"26":0,"27":0,"28":0,"29":0,"30":0,"31":0,"32":0,"33":0,"34":0,"35":0,"36":0,"37":0,"38":0,"39":0,"40":0,"41":0,"42":0,"43":0,"44":0,"45":0,"46":0,"47":0,"48":0,"49":0,"50":0},"f":{"0":0,"1":0,"2":0,"3":0,"4":0},"b":{"0":[0,0],"1":[0,0],"2":[0,0],"3":[0,0],"4":[0,0],"5":[0,0],"6":[0,0],"7":[0,0],"8":[0,0],"9":[0,0]}}
,"/home/tejeswar/Desktop/DevTracker/backend/config/db.js": {"path":"/home/tejeswar/Desktop/DevTracker/backend/config/db.js","statementMap":{"0":{"start":{"line":1,"column":17},"end":{"line":1,"column":36}},"1":{"start":{"line":3,"column":18},"end":{"line":12,"column":1}},"2":{"start":{"line":4,"column":2},"end":{"line":11,"column":3}},"3":{"start":{"line":5,"column":4},"end":{"line":5,"column":50}},"4":{"start":{"line":6,"column":4},"end":{"line":6,"column":40}},"5":{"start":{"line":8,"column":4},"end":{"line":8,"column":31}},"6":{"start":{"line":10,"column":4},"end":{"line":10,"column":20}},"7":{"start":{"line":14,"column":0},"end":{"line":14,"column":27}}},"fnMap":{"0":{"name":"(anonymous_0)","decl":{"start":{"line":3,"column":18},"end":{"line":3,"column":19}},"loc":{"start":{"line":3,"column":30},"end":{"line":12,"column":1}},"line":3}},"branchMap":{},"s":{"0":0,"1":0,"2":0,"3":0,"4":0,"5":0,"6":0,"7":0},"f":{"0":0},"b":{}}
,"/home/tejeswar/Desktop/DevTracker/backend/middleware/auth.js": {"path":"/home/tejeswar/Desktop/DevTracker/backend/middleware/auth.js","statementMap":{"0":{"start":{"line":1,"column":12},"end":{"line":1,"column":35}},"1":{"start":{"line":3,"column":0},"end":{"line":14,"column":2}},"2":{"start":{"line":4,"column":16},"end":{"line":4,"column":42}},"3":{"start":{"line":5,"column":2},"end":{"line":5,"column":85}},"4":{"start":{"line":5,"column":14},"end":{"line":5,"column":85}},"5":{"start":{"line":7,"column":2},"end":{"line":13,"column":3}},"6":{"start":{"line":8,"column":20},"end":{"line":8,"column":61}},"7":{"start":{"line":9,"column":4},"end":{"line":9,"column":28}},"8":{"start":{"line":10,"column":4},"end":{"line":10,"column":11}},"9":{"start":{"line":12,"column":4},"end":{"line":12,"column":56}}},"fnMap":{"0":{"name":"(anonymous_0)","decl":{"start":{"line":3,"column":17},"end":{"line":3,"column":18}},"loc":{"start":{"line":3,"column":42},"end":{"line":14,"column":1}},"line":3}},"branchMap":{"0":{"loc":{"start":{"line":5,"column":2},"end":{"line":5,"column":85}},"type":"if","locations":[{"start":{"line":5,"column":2},"end":{"line":5,"column":85}},{"start":{},"end":{}}],"line":5}},"s":{"0":0,"1":0,"2":0,"3":0,"4":0,"5":0,"6":0,"7":0,"8":0,"9":0},"f":{"0":0},"b":{"0":[0,0]}}
,"/home/tejeswar/Desktop/DevTracker/backend/models/DayRecord.js": {"path":"/home/tejeswar/Desktop/DevTracker/backend/models/DayRecord.js","statementMap":{"0":{"start":{"line":1,"column":17},"end":{"line":1,"column":36}},"1":{"start":{"line":3,"column":18},"end":{"line":13,"column":2}},"2":{"start":{"line":15,"column":24},"end":{"line":20,"column":2}},"3":{"start":{"line":23,"column":0},"end":{"line":23,"column":64}},"4":{"start":{"line":25,"column":0},"end":{"line":25,"column":62}}},"fnMap":{},"branchMap":{},"s":{"0":2,"1":2,"2":2,"3":2,"4":2},"f":{},"b":{},"_coverageSchema":"1a1c01bbd47fc00a2c39e90264f33305004495a9","hash":"1cf71637ecd7e6def97acad20b3250c7fae4462d"}
,"/home/tejeswar/Desktop/DevTracker/backend/models/DiaryEntry.js": {"path":"/home/tejeswar/Desktop/DevTracker/backend/models/DiaryEntry.js","statementMap":{"0":{"start":{"line":1,"column":17},"end":{"line":1,"column":36}},"1":{"start":{"line":3,"column":25},"end":{"line":65,"column":2}},"2":{"start":{"line":68,"column":0},"end":{"line":68,"column":65}},"3":{"start":{"line":69,"column":0},"end":{"line":69,"column":53}},"4":{"start":{"line":70,"column":0},"end":{"line":70,"column":47}},"5":{"start":{"line":72,"column":0},"end":{"line":75,"column":3}},"6":{"start":{"line":73,"column":2},"end":{"line":73,"column":30}},"7":{"start":{"line":74,"column":2},"end":{"line":74,"column":9}},"8":{"start":{"line":77,"column":0},"end":{"line":77,"column":64}}},"fnMap":{"0":{"name":"(anonymous_0)","decl":{"start":{"line":72,"column":29},"end":{"line":72,"column":30}},"loc":{"start":{"line":72,"column":44},"end":{"line":75,"column":1}},"line":72}},"branchMap":{},"s":{"0":1,"1":1,"2":1,"3":1,"4":1,"5":1,"6":1,"7":1,"8":1},"f":{"0":1},"b":{},"_coverageSchema":"1a1c01bbd47fc00a2c39e90264f33305004495a9","hash":"2814ffecd3a20ca30aa86817e9bdd7a84fa62cf6"}
,"/home/tejeswar/Desktop/DevTracker/backend/models/Resource.js": {"path":"/home/tejeswar/Desktop/DevTracker/backend/models/Resource.js","statementMap":{"0":{"start":{"line":1,"column":17},"end":{"line":1,"column":36}},"1":{"start":{"line":3,"column":23},"end":{"line":86,"column":2}},"2":{"start":{"line":89,"column":0},"end":{"line":89,"column":51}},"3":{"start":{"line":90,"column":0},"end":{"line":90,"column":47}},"4":{"start":{"line":91,"column":0},"end":{"line":91,"column":53}},"5":{"start":{"line":92,"column":0},"end":{"line":92,"column":45}},"6":{"start":{"line":93,"column":0},"end":{"line":93,"column":49}},"7":{"start":{"line":96,"column":0},"end":{"line":99,"column":3}},"8":{"start":{"line":97,"column":2},"end":{"line":97,"column":30}},"9":{"start":{"line":98,"column":2},"end":{"line":98,"column":9}},"10":{"start":{"line":101,"column":0},"end":{"line":101,"column":60}}},"fnMap":{"0":{"name":"(anonymous_0)","decl":{"start":{"line":96,"column":27},"end":{"line":96,"column":28}},"loc":{"start":{"line":96,"column":42},"end":{"line":99,"column":1}},"line":96}},"branchMap":{},"s":{"0":1,"1":1,"2":1,"3":1,"4":1,"5":1,"6":1,"7":1,"8":2,"9":2,"10":1},"f":{"0":2},"b":{},"_coverageSchema":"1a1c01bbd47fc00a2c39e90264f33305004495a9","hash":"f65c8ed59050b8fc9b0d8157c54bc90d3a11103e"}
,"/home/tejeswar/Desktop/DevTracker/backend/models/User.js": {"path":"/home/tejeswar/Desktop/DevTracker/backend/models/User.js","statementMap":{"0":{"start":{"line":1,"column":17},"end":{"line":1,"column":36}},"1":{"start":{"line":3,"column":19},"end":{"line":21,"column":2}},"2":{"start":{"line":23,"column":0},"end":{"line":23,"column":52}}},"fnMap":{},"branchMap":{},"s":{"0":2,"1":2,"2":2},"f":{},"b":{},"_coverageSchema":"1a1c01bbd47fc00a2c39e90264f33305004495a9","hash":"a37d4b1e8b54e94336d59eceed438aaa394957ef"}
,"/home/tejeswar/Desktop/DevTracker/backend/routes/api-features.js": {"path":"/home/tejeswar/Desktop/DevTracker/backend/routes/api-features.js","statementMap":{"0":{"start":{"line":1,"column":16},"end":{"line":1,"column":34}},"1":{"start":{"line":2,"column":15},"end":{"line":2,"column":31}},"2":{"start":{"line":3,"column":35},"end":{"line":3,"column":63}},"3":{"start":{"line":4,"column":13},"end":{"line":4,"column":42}},"4":{"start":{"line":18,"column":0},"end":{"line":42,"column":3}},"5":{"start":{"line":24,"column":17},"end":{"line":24,"column":38}},"6":{"start":{"line":25,"column":2},"end":{"line":27,"column":3}},"7":{"start":{"line":26,"column":4},"end":{"line":26,"column":64}},"8":{"start":{"line":29,"column":2},"end":{"line":41,"column":3}},"9":{"start":{"line":30,"column":26},"end":{"line":30,"column":60}},"10":{"start":{"line":31,"column":18},"end":{"line":35,"column":6}},"11":{"start":{"line":36,"column":4},"end":{"line":36,"column":23}},"12":{"start":{"line":37,"column":4},"end":{"line":37,"column":32}},"13":{"start":{"line":39,"column":4},"end":{"line":39,"column":55}},"14":{"start":{"line":40,"column":4},"end":{"line":40,"column":50}},"15":{"start":{"line":45,"column":0},"end":{"line":78,"column":3}},"16":{"start":{"line":46,"column":2},"end":{"line":77,"column":3}},"17":{"start":{"line":47,"column":26},"end":{"line":47,"column":60}},"18":{"start":{"line":48,"column":17},"end":{"line":48,"column":42}},"19":{"start":{"line":49,"column":17},"end":{"line":49,"column":46}},"20":{"start":{"line":50,"column":18},"end":{"line":50,"column":20}},"21":{"start":{"line":51,"column":17},"end":{"line":51,"column":35}},"22":{"start":{"line":53,"column":22},"end":{"line":53,"column":42}},"23":{"start":{"line":54,"column":20},"end":{"line":54,"column":54}},"24":{"start":{"line":56,"column":20},"end":{"line":63,"column":11}},"25":{"start":{"line":65,"column":18},"end":{"line":68,"column":6}},"26":{"start":{"line":70,"column":4},"end":{"line":73,"column":7}},"27":{"start":{"line":75,"column":4},"end":{"line":75,"column":54}},"28":{"start":{"line":76,"column":4},"end":{"line":76,"column":50}},"29":{"start":{"line":81,"column":0},"end":{"line":102,"column":3}},"30":{"start":{"line":82,"column":2},"end":{"line":101,"column":3}},"31":{"start":{"line":83,"column":26},"end":{"line":83,"column":60}},"32":{"start":{"line":84,"column":17},"end":{"line":84,"column":42}},"33":{"start":{"line":85,"column":18},"end":{"line":85,"column":44}},"34":{"start":{"line":87,"column":22},"end":{"line":87,"column":50}},"35":{"start":{"line":88,"column":20},"end":{"line":88,"column":56}},"36":{"start":{"line":90,"column":20},"end":{"line":95,"column":11}},"37":{"start":{"line":97,"column":4},"end":{"line":97,"column":22}},"38":{"start":{"line":99,"column":4},"end":{"line":99,"column":53}},"39":{"start":{"line":100,"column":4},"end":{"line":100,"column":50}},"40":{"start":{"line":105,"column":0},"end":{"line":122,"column":3}},"41":{"start":{"line":106,"column":2},"end":{"line":121,"column":3}},"42":{"start":{"line":107,"column":26},"end":{"line":107,"column":60}},"43":{"start":{"line":108,"column":18},"end":{"line":111,"column":6}},"44":{"start":{"line":113,"column":4},"end":{"line":115,"column":5}},"45":{"start":{"line":114,"column":6},"end":{"line":114,"column":62}},"46":{"start":{"line":117,"column":4},"end":{"line":117,"column":20}},"47":{"start":{"line":119,"column":4},"end":{"line":119,"column":43}},"48":{"start":{"line":120,"column":4},"end":{"line":120,"column":50}},"49":{"start":{"line":125,"column":0},"end":{"line":144,"column":3}},"50":{"start":{"line":126,"column":2},"end":{"line":143,"column":3}},"51":{"start":{"line":127,"column":26},"end":{"line":127,"column":60}},"52":{"start":{"line":128,"column":16},"end":{"line":131,"column":6}},"53":{"start":{"line":133,"column":4},"end":{"line":135,"column":5}},"54":{"start":{"line":134,"column":6},"end":{"line":134,"column":62}},"55":{"start":{"line":137,"column":4},"end":{"line":137,"column":35}},"56":{"start":{"line":138,"column":4},"end":{"line":138,"column":23}},"57":{"start":{"line":139,"column":4},"end":{"line":139,"column":20}},"58":{"start":{"line":141,"column":4},"end":{"line":141,"column":46}},"59":{"start":{"line":142,"column":4},"end":{"line":142,"column":50}},"60":{"start":{"line":147,"column":0},"end":{"line":164,"column":3}},"61":{"start":{"line":148,"column":2},"end":{"line":163,"column":3}},"62":{"start":{"line":149,"column":26},"end":{"line":149,"column":60}},"63":{"start":{"line":150,"column":18},"end":{"line":153,"column":6}},"64":{"start":{"line":155,"column":4},"end":{"line":157,"column":5}},"65":{"start":{"line":156,"column":6},"end":{"line":156,"column":62}},"66":{"start":{"line":159,"column":4},"end":{"line":159,"column":39}},"67":{"start":{"line":161,"column":4},"end":{"line":161,"column":46}},"68":{"start":{"line":162,"column":4},"end":{"line":162,"column":50}},"69":{"start":{"line":167,"column":0},"end":{"line":202,"column":3}},"70":{"start":{"line":168,"column":2},"end":{"line":201,"column":3}},"71":{"start":{"line":169,"column":26},"end":{"line":169,"column":60}},"72":{"start":{"line":170,"column":18},"end":{"line":189,"column":6}},"73":{"start":{"line":191,"column":25},"end":{"line":191,"column":49}},"74":{"start":{"line":192,"column":19},"end":{"line":192,"column":41}},"75":{"start":{"line":194,"column":4},"end":{"line":197,"column":7}},"76":{"start":{"line":196,"column":49},"end":{"line":196,"column":65}},"77":{"start":{"line":199,"column":4},"end":{"line":199,"column":43}},"78":{"start":{"line":200,"column":4},"end":{"line":200,"column":50}},"79":{"start":{"line":209,"column":0},"end":{"line":251,"column":3}},"80":{"start":{"line":215,"column":17},"end":{"line":215,"column":38}},"81":{"start":{"line":216,"column":2},"end":{"line":218,"column":3}},"82":{"start":{"line":217,"column":4},"end":{"line":217,"column":64}},"83":{"start":{"line":220,"column":2},"end":{"line":250,"column":3}},"84":{"start":{"line":221,"column":23},"end":{"line":221,"column":54}},"85":{"start":{"line":222,"column":82},"end":{"line":222,"column":90}},"86":{"start":{"line":224,"column":16},"end":{"line":227,"column":6}},"87":{"start":{"line":229,"column":4},"end":{"line":244,"column":5}},"88":{"start":{"line":230,"column":6},"end":{"line":230,"column":92}},"89":{"start":{"line":231,"column":6},"end":{"line":231,"column":25}},"90":{"start":{"line":233,"column":6},"end":{"line":242,"column":9}},"91":{"start":{"line":243,"column":6},"end":{"line":243,"column":25}},"92":{"start":{"line":246,"column":4},"end":{"line":246,"column":32}},"93":{"start":{"line":248,"column":4},"end":{"line":248,"column":52}},"94":{"start":{"line":249,"column":4},"end":{"line":249,"column":50}},"95":{"start":{"line":254,"column":0},"end":{"line":271,"column":3}},"96":{"start":{"line":255,"column":2},"end":{"line":270,"column":3}},"97":{"start":{"line":256,"column":23},"end":{"line":256,"column":54}},"98":{"start":{"line":257,"column":18},"end":{"line":260,"column":6}},"99":{"start":{"line":262,"column":4},"end":{"line":264,"column":5}},"100":{"start":{"line":263,"column":6},"end":{"line":263,"column":69}},"101":{"start":{"line":266,"column":4},"end":{"line":266,"column":20}},"102":{"start":{"line":268,"column":4},"end":{"line":268,"column":49}},"103":{"start":{"line":269,"column":4},"end":{"line":269,"column":50}},"104":{"start":{"line":274,"column":0},"end":{"line":291,"column":3}},"105":{"start":{"line":275,"column":2},"end":{"line":290,"column":3}},"106":{"start":{"line":276,"column":23},"end":{"line":276,"column":54}},"107":{"start":{"line":277,"column":17},"end":{"line":277,"column":42}},"108":{"start":{"line":279,"column":20},"end":{"line":284,"column":11}},"109":{"start":{"line":286,"column":4},"end":{"line":286,"column":22}},"110":{"start":{"line":288,"column":4},"end":{"line":288,"column":52}},"111":{"start":{"line":289,"column":4},"end":{"line":289,"column":50}},"112":{"start":{"line":294,"column":0},"end":{"line":317,"column":3}},"113":{"start":{"line":295,"column":2},"end":{"line":316,"column":3}},"114":{"start":{"line":296,"column":23},"end":{"line":296,"column":54}},"115":{"start":{"line":297,"column":17},"end":{"line":297,"column":46}},"116":{"start":{"line":298,"column":18},"end":{"line":298,"column":20}},"117":{"start":{"line":299,"column":17},"end":{"line":299,"column":35}},"118":{"start":{"line":301,"column":20},"end":{"line":305,"column":13}},"119":{"start":{"line":307,"column":18},"end":{"line":307,"column":74}},"120":{"start":{"line":309,"column":4},"end":{"line":312,"column":7}},"121":{"start":{"line":314,"column":4},"end":{"line":314,"column":42}},"122":{"start":{"line":315,"column":4},"end":{"line":315,"column":50}},"123":{"start":{"line":320,"column":0},"end":{"line":340,"column":3}},"124":{"start":{"line":321,"column":2},"end":{"line":339,"column":3}},"125":{"start":{"line":322,"column":23},"end":{"line":322,"column":54}},"126":{"start":{"line":323,"column":18},"end":{"line":323,"column":28}},"127":{"start":{"line":324,"column":18},"end":{"line":324,"column":63}},"128":{"start":{"line":325,"column":16},"end":{"line":325,"column":56}},"129":{"start":{"line":326,"column":24},"end":{"line":326,"column":42}},"130":{"start":{"line":328,"column":20},"end":{"line":333,"column":11}},"131":{"start":{"line":335,"column":4},"end":{"line":335,"column":22}},"132":{"start":{"line":337,"column":4},"end":{"line":337,"column":45}},"133":{"start":{"line":338,"column":4},"end":{"line":338,"column":50}},"134":{"start":{"line":343,"column":0},"end":{"line":377,"column":3}},"135":{"start":{"line":344,"column":2},"end":{"line":376,"column":3}},"136":{"start":{"line":345,"column":23},"end":{"line":345,"column":54}},"137":{"start":{"line":346,"column":18},"end":{"line":364,"column":6}},"138":{"start":{"line":366,"column":25},"end":{"line":366,"column":49}},"139":{"start":{"line":367,"column":19},"end":{"line":367,"column":41}},"140":{"start":{"line":369,"column":4},"end":{"line":372,"column":7}},"141":{"start":{"line":371,"column":49},"end":{"line":371,"column":65}},"142":{"start":{"line":374,"column":4},"end":{"line":374,"column":49}},"143":{"start":{"line":375,"column":4},"end":{"line":375,"column":50}},"144":{"start":{"line":380,"column":0},"end":{"line":399,"column":3}},"145":{"start":{"line":381,"column":2},"end":{"line":398,"column":3}},"146":{"start":{"line":382,"column":23},"end":{"line":382,"column":54}},"147":{"start":{"line":383,"column":16},"end":{"line":386,"column":6}},"148":{"start":{"line":388,"column":4},"end":{"line":390,"column":5}},"149":{"start":{"line":389,"column":6},"end":{"line":389,"column":62}},"150":{"start":{"line":392,"column":4},"end":{"line":392,"column":35}},"151":{"start":{"line":393,"column":4},"end":{"line":393,"column":23}},"152":{"start":{"line":394,"column":4},"end":{"line":394,"column":20}},"153":{"start":{"line":396,"column":4},"end":{"line":396,"column":46}},"154":{"start":{"line":397,"column":4},"end":{"line":397,"column":50}},"155":{"start":{"line":402,"column":0},"end":{"line":415,"column":3}},"156":{"start":{"line":403,"column":2},"end":{"line":414,"column":3}},"157":{"start":{"line":404,"column":23},"end":{"line":404,"column":54}},"158":{"start":{"line":405,"column":4},"end":{"line":408,"column":7}},"159":{"start":{"line":410,"column":4},"end":{"line":410,"column":39}},"160":{"start":{"line":412,"column":4},"end":{"line":412,"column":46}},"161":{"start":{"line":413,"column":4},"end":{"line":413,"column":50}},"162":{"start":{"line":422,"column":0},"end":{"line":442,"column":3}},"163":{"start":{"line":425,"column":17},"end":{"line":425,"column":38}},"164":{"start":{"line":426,"column":2},"end":{"line":428,"column":3}},"165":{"start":{"line":427,"column":4},"end":{"line":427,"column":64}},"166":{"start":{"line":430,"column":2},"end":{"line":441,"column":3}},"167":{"start":{"line":431,"column":22},"end":{"line":431,"column":52}},"168":{"start":{"line":432,"column":22},"end":{"line":435,"column":6}},"169":{"start":{"line":436,"column":4},"end":{"line":436,"column":27}},"170":{"start":{"line":437,"column":4},"end":{"line":437,"column":36}},"171":{"start":{"line":439,"column":4},"end":{"line":439,"column":50}},"172":{"start":{"line":440,"column":4},"end":{"line":440,"column":50}},"173":{"start":{"line":445,"column":0},"end":{"line":460,"column":3}},"174":{"start":{"line":446,"column":2},"end":{"line":459,"column":3}},"175":{"start":{"line":447,"column":22},"end":{"line":447,"column":52}},"176":{"start":{"line":448,"column":23},"end":{"line":453,"column":11}},"177":{"start":{"line":455,"column":4},"end":{"line":455,"column":25}},"178":{"start":{"line":457,"column":4},"end":{"line":457,"column":48}},"179":{"start":{"line":458,"column":4},"end":{"line":458,"column":50}},"180":{"start":{"line":463,"column":0},"end":{"line":480,"column":3}},"181":{"start":{"line":464,"column":2},"end":{"line":479,"column":3}},"182":{"start":{"line":465,"column":22},"end":{"line":465,"column":52}},"183":{"start":{"line":466,"column":22},"end":{"line":469,"column":6}},"184":{"start":{"line":471,"column":4},"end":{"line":473,"column":5}},"185":{"start":{"line":472,"column":6},"end":{"line":472,"column":66}},"186":{"start":{"line":475,"column":4},"end":{"line":475,"column":24}},"187":{"start":{"line":477,"column":4},"end":{"line":477,"column":47}},"188":{"start":{"line":478,"column":4},"end":{"line":478,"column":50}},"189":{"start":{"line":483,"column":0},"end":{"line":502,"column":3}},"190":{"start":{"line":484,"column":2},"end":{"line":501,"column":3}},"191":{"start":{"line":485,"column":22},"end":{"line":485,"column":52}},"192":{"start":{"line":486,"column":20},"end":{"line":489,"column":6}},"193":{"start":{"line":491,"column":4},"end":{"line":493,"column":5}},"194":{"start":{"line":492,"column":6},"end":{"line":492,"column":66}},"195":{"start":{"line":495,"column":4},"end":{"line":495,"column":39}},"196":{"start":{"line":496,"column":4},"end":{"line":496,"column":27}},"197":{"start":{"line":497,"column":4},"end":{"line":497,"column":24}},"198":{"start":{"line":499,"column":4},"end":{"line":499,"column":50}},"199":{"start":{"line":500,"column":4},"end":{"line":500,"column":50}},"200":{"start":{"line":505,"column":0},"end":{"line":524,"column":3}},"201":{"start":{"line":506,"column":2},"end":{"line":523,"column":3}},"202":{"start":{"line":507,"column":22},"end":{"line":507,"column":52}},"203":{"start":{"line":508,"column":22},"end":{"line":511,"column":6}},"204":{"start":{"line":513,"column":4},"end":{"line":515,"column":5}},"205":{"start":{"line":514,"column":6},"end":{"line":514,"column":66}},"206":{"start":{"line":517,"column":4},"end":{"line":517,"column":32}},"207":{"start":{"line":518,"column":4},"end":{"line":518,"column":27}},"208":{"start":{"line":519,"column":4},"end":{"line":519,"column":44}},"209":{"start":{"line":521,"column":4},"end":{"line":521,"column":50}},"210":{"start":{"line":522,"column":4},"end":{"line":522,"column":50}},"211":{"start":{"line":527,"column":0},"end":{"line":553,"column":3}},"212":{"start":{"line":528,"column":2},"end":{"line":552,"column":3}},"213":{"start":{"line":529,"column":22},"end":{"line":529,"column":52}},"214":{"start":{"line":531,"column":4},"end":{"line":534,"column":6}},"215":{"start":{"line":537,"column":22},"end":{"line":540,"column":6}},"216":{"start":{"line":542,"column":4},"end":{"line":544,"column":5}},"217":{"start":{"line":543,"column":6},"end":{"line":543,"column":66}},"218":{"start":{"line":546,"column":4},"end":{"line":546,"column":30}},"219":{"start":{"line":547,"column":4},"end":{"line":547,"column":27}},"220":{"start":{"line":548,"column":4},"end":{"line":548,"column":24}},"221":{"start":{"line":550,"column":4},"end":{"line":550,"column":52}},"222":{"start":{"line":551,"column":4},"end":{"line":551,"column":50}},"223":{"start":{"line":560,"column":0},"end":{"line":583,"column":3}},"224":{"start":{"line":566,"column":17},"end":{"line":566,"column":38}},"225":{"start":{"line":567,"column":2},"end":{"line":569,"column":3}},"226":{"start":{"line":568,"column":4},"end":{"line":568,"column":64}},"227":{"start":{"line":571,"column":2},"end":{"line":582,"column":3}},"228":{"start":{"line":572,"column":24},"end":{"line":572,"column":56}},"229":{"start":{"line":573,"column":17},"end":{"line":576,"column":6}},"230":{"start":{"line":577,"column":4},"end":{"line":577,"column":22}},"231":{"start":{"line":578,"column":4},"end":{"line":578,"column":31}},"232":{"start":{"line":580,"column":4},"end":{"line":580,"column":45}},"233":{"start":{"line":581,"column":4},"end":{"line":581,"column":50}},"234":{"start":{"line":586,"column":0},"end":{"line":605,"column":3}},"235":{"start":{"line":587,"column":2},"end":{"line":604,"column":3}},"236":{"start":{"line":588,"column":24},"end":{"line":588,"column":56}},"237":{"start":{"line":589,"column":17},"end":{"line":589,"column":42}},"238":{"start":{"line":590,"column":18},"end":{"line":590,"column":44}},"239":{"start":{"line":592,"column":18},"end":{"line":598,"column":11}},"240":{"start":{"line":600,"column":4},"end":{"line":600,"column":20}},"241":{"start":{"line":602,"column":4},"end":{"line":602,"column":43}},"242":{"start":{"line":603,"column":4},"end":{"line":603,"column":50}},"243":{"start":{"line":608,"column":0},"end":{"line":625,"column":3}},"244":{"start":{"line":609,"column":2},"end":{"line":624,"column":3}},"245":{"start":{"line":610,"column":24},"end":{"line":610,"column":56}},"246":{"start":{"line":611,"column":17},"end":{"line":614,"column":6}},"247":{"start":{"line":616,"column":4},"end":{"line":618,"column":5}},"248":{"start":{"line":617,"column":6},"end":{"line":617,"column":61}},"249":{"start":{"line":620,"column":4},"end":{"line":620,"column":19}},"250":{"start":{"line":622,"column":4},"end":{"line":622,"column":42}},"251":{"start":{"line":623,"column":4},"end":{"line":623,"column":50}},"252":{"start":{"line":628,"column":0},"end":{"line":647,"column":3}},"253":{"start":{"line":629,"column":2},"end":{"line":646,"column":3}},"254":{"start":{"line":630,"column":24},"end":{"line":630,"column":56}},"255":{"start":{"line":631,"column":15},"end":{"line":634,"column":6}},"256":{"start":{"line":636,"column":4},"end":{"line":638,"column":5}},"257":{"start":{"line":637,"column":6},"end":{"line":637,"column":61}},"258":{"start":{"line":640,"column":4},"end":{"line":640,"column":34}},"259":{"start":{"line":641,"column":4},"end":{"line":641,"column":22}},"260":{"start":{"line":642,"column":4},"end":{"line":642,"column":19}},"261":{"start":{"line":644,"column":4},"end":{"line":644,"column":45}},"262":{"start":{"line":645,"column":4},"end":{"line":645,"column":50}},"263":{"start":{"line":650,"column":0},"end":{"line":663,"column":3}},"264":{"start":{"line":651,"column":2},"end":{"line":662,"column":3}},"265":{"start":{"line":652,"column":24},"end":{"line":652,"column":56}},"266":{"start":{"line":653,"column":4},"end":{"line":656,"column":7}},"267":{"start":{"line":658,"column":4},"end":{"line":658,"column":38}},"268":{"start":{"line":660,"column":4},"end":{"line":660,"column":45}},"269":{"start":{"line":661,"column":4},"end":{"line":661,"column":50}},"270":{"start":{"line":666,"column":0},"end":{"line":699,"column":3}},"271":{"start":{"line":669,"column":17},"end":{"line":669,"column":38}},"272":{"start":{"line":670,"column":2},"end":{"line":672,"column":3}},"273":{"start":{"line":671,"column":4},"end":{"line":671,"column":64}},"274":{"start":{"line":674,"column":2},"end":{"line":698,"column":3}},"275":{"start":{"line":675,"column":24},"end":{"line":675,"column":56}},"276":{"start":{"line":676,"column":17},"end":{"line":679,"column":6}},"277":{"start":{"line":681,"column":4},"end":{"line":683,"column":5}},"278":{"start":{"line":682,"column":6},"end":{"line":682,"column":61}},"279":{"start":{"line":685,"column":4},"end":{"line":685,"column":45}},"280":{"start":{"line":688,"column":4},"end":{"line":691,"column":5}},"281":{"start":{"line":689,"column":6},"end":{"line":689,"column":30}},"282":{"start":{"line":690,"column":6},"end":{"line":690,"column":38}},"283":{"start":{"line":693,"column":4},"end":{"line":693,"column":22}},"284":{"start":{"line":694,"column":4},"end":{"line":694,"column":19}},"285":{"start":{"line":696,"column":4},"end":{"line":696,"column":49}},"286":{"start":{"line":697,"column":4},"end":{"line":697,"column":50}},"287":{"start":{"line":702,"column":0},"end":{"line":724,"column":3}},"288":{"start":{"line":703,"column":2},"end":{"line":723,"column":3}},"289":{"start":{"line":704,"column":24},"end":{"line":704,"column":56}},"290":{"start":{"line":705,"column":17},"end":{"line":708,"column":6}},"291":{"start":{"line":710,"column":4},"end":{"line":712,"column":5}},"292":{"start":{"line":711,"column":6},"end":{"line":711,"column":61}},"293":{"start":{"line":714,"column":4},"end":{"line":714,"column":28}},"294":{"start":{"line":715,"column":4},"end":{"line":715,"column":36}},"295":{"start":{"line":716,"column":4},"end":{"line":716,"column":44}},"296":{"start":{"line":717,"column":4},"end":{"line":717,"column":22}},"297":{"start":{"line":719,"column":4},"end":{"line":719,"column":19}},"298":{"start":{"line":721,"column":4},"end":{"line":721,"column":47}},"299":{"start":{"line":722,"column":4},"end":{"line":722,"column":50}},"300":{"start":{"line":727,"column":0},"end":{"line":743,"column":3}},"301":{"start":{"line":728,"column":2},"end":{"line":742,"column":3}},"302":{"start":{"line":729,"column":16},"end":{"line":729,"column":26}},"303":{"start":{"line":730,"column":17},"end":{"line":730,"column":34}},"304":{"start":{"line":731,"column":20},"end":{"line":731,"column":54}},"305":{"start":{"line":732,"column":26},"end":{"line":732,"column":76}},"306":{"start":{"line":734,"column":4},"end":{"line":738,"column":7}},"307":{"start":{"line":740,"column":4},"end":{"line":740,"column":43}},"308":{"start":{"line":741,"column":4},"end":{"line":741,"column":50}},"309":{"start":{"line":745,"column":0},"end":{"line":745,"column":24}}},"fnMap":{"0":{"name":"(anonymous_0)","decl":{"start":{"line":23,"column":3},"end":{"line":23,"column":4}},"loc":{"start":{"line":23,"column":23},"end":{"line":42,"column":1}},"line":23},"1":{"name":"(anonymous_1)","decl":{"start":{"line":45,"column":41},"end":{"line":45,"column":42}},"loc":{"start":{"line":45,"column":61},"end":{"line":78,"column":1}},"line":45},"2":{"name":"(anonymous_2)","decl":{"start":{"line":81,"column":54},"end":{"line":81,"column":55}},"loc":{"start":{"line":81,"column":74},"end":{"line":102,"column":1}},"line":81},"3":{"name":"(anonymous_3)","decl":{"start":{"line":105,"column":34},"end":{"line":105,"column":35}},"loc":{"start":{"line":105,"column":54},"end":{"line":122,"column":1}},"line":105},"4":{"name":"(anonymous_4)","decl":{"start":{"line":125,"column":34},"end":{"line":125,"column":35}},"loc":{"start":{"line":125,"column":54},"end":{"line":144,"column":1}},"line":125},"5":{"name":"(anonymous_5)","decl":{"start":{"line":147,"column":37},"end":{"line":147,"column":38}},"loc":{"start":{"line":147,"column":57},"end":{"line":164,"column":1}},"line":147},"6":{"name":"(anonymous_6)","decl":{"start":{"line":167,"column":40},"end":{"line":167,"column":41}},"loc":{"start":{"line":167,"column":60},"end":{"line":202,"column":1}},"line":167},"7":{"name":"(anonymous_7)","decl":{"start":{"line":196,"column":44},"end":{"line":196,"column":45}},"loc":{"start":{"line":196,"column":49},"end":{"line":196,"column":65}},"line":196},"8":{"name":"(anonymous_8)","decl":{"start":{"line":214,"column":3},"end":{"line":214,"column":4}},"loc":{"start":{"line":214,"column":23},"end":{"line":251,"column":1}},"line":214},"9":{"name":"(anonymous_9)","decl":{"start":{"line":254,"column":38},"end":{"line":254,"column":39}},"loc":{"start":{"line":254,"column":58},"end":{"line":271,"column":1}},"line":254},"10":{"name":"(anonymous_10)","decl":{"start":{"line":274,"column":38},"end":{"line":274,"column":39}},"loc":{"start":{"line":274,"column":58},"end":{"line":291,"column":1}},"line":274},"11":{"name":"(anonymous_11)","decl":{"start":{"line":294,"column":36},"end":{"line":294,"column":37}},"loc":{"start":{"line":294,"column":56},"end":{"line":317,"column":1}},"line":294},"12":{"name":"(anonymous_12)","decl":{"start":{"line":320,"column":39},"end":{"line":320,"column":40}},"loc":{"start":{"line":320,"column":59},"end":{"line":340,"column":1}},"line":320},"13":{"name":"(anonymous_13)","decl":{"start":{"line":343,"column":37},"end":{"line":343,"column":38}},"loc":{"start":{"line":343,"column":57},"end":{"line":377,"column":1}},"line":343},"14":{"name":"(anonymous_14)","decl":{"start":{"line":371,"column":44},"end":{"line":371,"column":45}},"loc":{"start":{"line":371,"column":49},"end":{"line":371,"column":65}},"line":371},"15":{"name":"(anonymous_15)","decl":{"start":{"line":380,"column":31},"end":{"line":380,"column":32}},"loc":{"start":{"line":380,"column":51},"end":{"line":399,"column":1}},"line":380},"16":{"name":"(anonymous_16)","decl":{"start":{"line":402,"column":34},"end":{"line":402,"column":35}},"loc":{"start":{"line":402,"column":54},"end":{"line":415,"column":1}},"line":402},"17":{"name":"(anonymous_17)","decl":{"start":{"line":424,"column":3},"end":{"line":424,"column":4}},"loc":{"start":{"line":424,"column":23},"end":{"line":442,"column":1}},"line":424},"18":{"name":"(anonymous_18)","decl":{"start":{"line":445,"column":31},"end":{"line":445,"column":32}},"loc":{"start":{"line":445,"column":51},"end":{"line":460,"column":1}},"line":445},"19":{"name":"(anonymous_19)","decl":{"start":{"line":463,"column":35},"end":{"line":463,"column":36}},"loc":{"start":{"line":463,"column":55},"end":{"line":480,"column":1}},"line":463},"20":{"name":"(anonymous_20)","decl":{"start":{"line":483,"column":35},"end":{"line":483,"column":36}},"loc":{"start":{"line":483,"column":55},"end":{"line":502,"column":1}},"line":483},"21":{"name":"(anonymous_21)","decl":{"start":{"line":505,"column":38},"end":{"line":505,"column":39}},"loc":{"start":{"line":505,"column":58},"end":{"line":524,"column":1}},"line":505},"22":{"name":"(anonymous_22)","decl":{"start":{"line":527,"column":45},"end":{"line":527,"column":46}},"loc":{"start":{"line":527,"column":65},"end":{"line":553,"column":1}},"line":527},"23":{"name":"(anonymous_23)","decl":{"start":{"line":565,"column":3},"end":{"line":565,"column":4}},"loc":{"start":{"line":565,"column":23},"end":{"line":583,"column":1}},"line":565},"24":{"name":"(anonymous_24)","decl":{"start":{"line":586,"column":40},"end":{"line":586,"column":41}},"loc":{"start":{"line":586,"column":60},"end":{"line":605,"column":1}},"line":586},"25":{"name":"(anonymous_25)","decl":{"start":{"line":608,"column":31},"end":{"line":608,"column":32}},"loc":{"start":{"line":608,"column":51},"end":{"line":625,"column":1}},"line":608},"26":{"name":"(anonymous_26)","decl":{"start":{"line":628,"column":31},"end":{"line":628,"column":32}},"loc":{"start":{"line":628,"column":51},"end":{"line":647,"column":1}},"line":628},"27":{"name":"(anonymous_27)","decl":{"start":{"line":650,"column":34},"end":{"line":650,"column":35}},"loc":{"start":{"line":650,"column":54},"end":{"line":663,"column":1}},"line":650},"28":{"name":"(anonymous_28)","decl":{"start":{"line":668,"column":3},"end":{"line":668,"column":4}},"loc":{"start":{"line":668,"column":23},"end":{"line":699,"column":1}},"line":668},"29":{"name":"(anonymous_29)","decl":{"start":{"line":702,"column":41},"end":{"line":702,"column":42}},"loc":{"start":{"line":702,"column":61},"end":{"line":724,"column":1}},"line":702},"30":{"name":"(anonymous_30)","decl":{"start":{"line":727,"column":40},"end":{"line":727,"column":41}},"loc":{"start":{"line":727,"column":60},"end":{"line":743,"column":1}},"line":727}},"branchMap":{"0":{"loc":{"start":{"line":25,"column":2},"end":{"line":27,"column":3}},"type":"if","locations":[{"start":{"line":25,"column":2},"end":{"line":27,"column":3}},{"start":{},"end":{}}],"line":25},"1":{"loc":{"start":{"line":34,"column":17},"end":{"line":34,"column":49}},"type":"binary-expr","locations":[{"start":{"line":34,"column":17},"end":{"line":34,"column":35}},{"start":{"line":34,"column":39},"end":{"line":34,"column":49}}],"line":34},"2":{"loc":{"start":{"line":49,"column":17},"end":{"line":49,"column":46}},"type":"binary-expr","locations":[{"start":{"line":49,"column":17},"end":{"line":49,"column":41}},{"start":{"line":49,"column":45},"end":{"line":49,"column":46}}],"line":49},"3":{"loc":{"start":{"line":113,"column":4},"end":{"line":115,"column":5}},"type":"if","locations":[{"start":{"line":113,"column":4},"end":{"line":115,"column":5}},{"start":{},"end":{}}],"line":113},"4":{"loc":{"start":{"line":133,"column":4},"end":{"line":135,"column":5}},"type":"if","locations":[{"start":{"line":133,"column":4},"end":{"line":135,"column":5}},{"start":{},"end":{}}],"line":133},"5":{"loc":{"start":{"line":155,"column":4},"end":{"line":157,"column":5}},"type":"if","locations":[{"start":{"line":155,"column":4},"end":{"line":157,"column":5}},{"start":{},"end":{}}],"line":155},"6":{"loc":{"start":{"line":191,"column":25},"end":{"line":191,"column":49}},"type":"binary-expr","locations":[{"start":{"line":191,"column":25},"end":{"line":191,"column":43}},{"start":{"line":191,"column":47},"end":{"line":191,"column":49}}],"line":191},"7":{"loc":{"start":{"line":192,"column":19},"end":{"line":192,"column":41}},"type":"binary-expr","locations":[{"start":{"line":192,"column":19},"end":{"line":192,"column":35}},{"start":{"line":192,"column":39},"end":{"line":192,"column":41}}],"line":192},"8":{"loc":{"start":{"line":216,"column":2},"end":{"line":218,"column":3}},"type":"if","locations":[{"start":{"line":216,"column":2},"end":{"line":218,"column":3}},{"start":{},"end":{}}],"line":216},"9":{"loc":{"start":{"line":229,"column":4},"end":{"line":244,"column":5}},"type":"if","locations":[{"start":{"line":229,"column":4},"end":{"line":244,"column":5}},{"start":{"line":232,"column":11},"end":{"line":244,"column":5}}],"line":229},"10":{"loc":{"start":{"line":237,"column":14},"end":{"line":237,"column":31}},"type":"binary-expr","locations":[{"start":{"line":237,"column":14},"end":{"line":237,"column":18}},{"start":{"line":237,"column":22},"end":{"line":237,"column":31}}],"line":237},"11":{"loc":{"start":{"line":238,"column":23},"end":{"line":238,"column":41}},"type":"binary-expr","locations":[{"start":{"line":238,"column":23},"end":{"line":238,"column":36}},{"start":{"line":238,"column":40},"end":{"line":238,"column":41}}],"line":238},"12":{"loc":{"start":{"line":239,"column":16},"end":{"line":239,"column":28}},"type":"binary-expr","locations":[{"start":{"line":239,"column":16},"end":{"line":239,"column":22}},{"start":{"line":239,"column":26},"end":{"line":239,"column":28}}],"line":239},"13":{"loc":{"start":{"line":240,"column":19},"end":{"line":240,"column":34}},"type":"binary-expr","locations":[{"start":{"line":240,"column":19},"end":{"line":240,"column":28}},{"start":{"line":240,"column":32},"end":{"line":240,"column":34}}],"line":240},"14":{"loc":{"start":{"line":241,"column":20},"end":{"line":241,"column":36}},"type":"binary-expr","locations":[{"start":{"line":241,"column":20},"end":{"line":241,"column":30}},{"start":{"line":241,"column":34},"end":{"line":241,"column":36}}],"line":241},"15":{"loc":{"start":{"line":262,"column":4},"end":{"line":264,"column":5}},"type":"if","locations":[{"start":{"line":262,"column":4},"end":{"line":264,"column":5}},{"start":{},"end":{}}],"line":262},"16":{"loc":{"start":{"line":297,"column":17},"end":{"line":297,"column":46}},"type":"binary-expr","locations":[{"start":{"line":297,"column":17},"end":{"line":297,"column":41}},{"start":{"line":297,"column":45},"end":{"line":297,"column":46}}],"line":297},"17":{"loc":{"start":{"line":366,"column":25},"end":{"line":366,"column":49}},"type":"binary-expr","locations":[{"start":{"line":366,"column":25},"end":{"line":366,"column":43}},{"start":{"line":366,"column":47},"end":{"line":366,"column":49}}],"line":366},"18":{"loc":{"start":{"line":367,"column":19},"end":{"line":367,"column":41}},"type":"binary-expr","locations":[{"start":{"line":367,"column":19},"end":{"line":367,"column":35}},{"start":{"line":367,"column":39},"end":{"line":367,"column":41}}],"line":367},"19":{"loc":{"start":{"line":388,"column":4},"end":{"line":390,"column":5}},"type":"if","locations":[{"start":{"line":388,"column":4},"end":{"line":390,"column":5}},{"start":{},"end":{}}],"line":388},"20":{"loc":{"start":{"line":426,"column":2},"end":{"line":428,"column":3}},"type":"if","locations":[{"start":{"line":426,"column":2},"end":{"line":428,"column":3}},{"start":{},"end":{}}],"line":426},"21":{"loc":{"start":{"line":471,"column":4},"end":{"line":473,"column":5}},"type":"if","locations":[{"start":{"line":471,"column":4},"end":{"line":473,"column":5}},{"start":{},"end":{}}],"line":471},"22":{"loc":{"start":{"line":491,"column":4},"end":{"line":493,"column":5}},"type":"if","locations":[{"start":{"line":491,"column":4},"end":{"line":493,"column":5}},{"start":{},"end":{}}],"line":491},"23":{"loc":{"start":{"line":513,"column":4},"end":{"line":515,"column":5}},"type":"if","locations":[{"start":{"line":513,"column":4},"end":{"line":515,"column":5}},{"start":{},"end":{}}],"line":513},"24":{"loc":{"start":{"line":542,"column":4},"end":{"line":544,"column":5}},"type":"if","locations":[{"start":{"line":542,"column":4},"end":{"line":544,"column":5}},{"start":{},"end":{}}],"line":542},"25":{"loc":{"start":{"line":567,"column":2},"end":{"line":569,"column":3}},"type":"if","locations":[{"start":{"line":567,"column":2},"end":{"line":569,"column":3}},{"start":{},"end":{}}],"line":567},"26":{"loc":{"start":{"line":616,"column":4},"end":{"line":618,"column":5}},"type":"if","locations":[{"start":{"line":616,"column":4},"end":{"line":618,"column":5}},{"start":{},"end":{}}],"line":616},"27":{"loc":{"start":{"line":636,"column":4},"end":{"line":638,"column":5}},"type":"if","locations":[{"start":{"line":636,"column":4},"end":{"line":638,"column":5}},{"start":{},"end":{}}],"line":636},"28":{"loc":{"start":{"line":670,"column":2},"end":{"line":672,"column":3}},"type":"if","locations":[{"start":{"line":670,"column":2},"end":{"line":672,"column":3}},{"start":{},"end":{}}],"line":670},"29":{"loc":{"start":{"line":681,"column":4},"end":{"line":683,"column":5}},"type":"if","locations":[{"start":{"line":681,"column":4},"end":{"line":683,"column":5}},{"start":{},"end":{}}],"line":681},"30":{"loc":{"start":{"line":688,"column":4},"end":{"line":691,"column":5}},"type":"if","locations":[{"start":{"line":688,"column":4},"end":{"line":691,"column":5}},{"start":{},"end":{}}],"line":688},"31":{"loc":{"start":{"line":710,"column":4},"end":{"line":712,"column":5}},"type":"if","locations":[{"start":{"line":710,"column":4},"end":{"line":712,"column":5}},{"start":{},"end":{}}],"line":710}},"s":{"0":0,"1":0,"2":0,"3":0,"4":0,"5":0,"6":0,"7":0,"8":0,"9":0,"10":0,"11":0,"12":0,"13":0,"14":0,"15":0,"16":0,"17":0,"18":0,"19":0,"20":0,"21":0,"22":0,"23":0,"24":0,"25":0,"26":0,"27":0,"28":0,"29":0,"30":0,"31":0,"32":0,"33":0,"34":0,"35":0,"36":0,"37":0,"38":0,"39":0,"40":0,"41":0,"42":0,"43":0,"44":0,"45":0,"46":0,"47":0,"48":0,"49":0,"50":0,"51":0,"52":0,"53":0,"54":0,"55":0,"56":0,"57":0,"58":0,"59":0,"60":0,"61":0,"62":0,"63":0,"64":0,"65":0,"66":0,"67":0,"68":0,"69":0,"70":0,"71":0,"72":0,"73":0,"74":0,"75":0,"76":0,"77":0,"78":0,"79":0,"80":0,"81":0,"82":0,"83":0,"84":0,"85":0,"86":0,"87":0,"88":0,"89":0,"90":0,"91":0,"92":0,"93":0,"94":0,"95":0,"96":0,"97":0,"98":0,"99":0,"100":0,"101":0,"102":0,"103":0,"104":0,"105":0,"106":0,"107":0,"108":0,"109":0,"110":0,"111":0,"112":0,"113":0,"114":0,"115":0,"116":0,"117":0,"118":0,"119":0,"120":0,"121":0,"122":0,"123":0,"124":0,"125":0,"126":0,"127":0,"128":0,"129":0,"130":0,"131":0,"132":0,"133":0,"134":0,"135":0,"136":0,"137":0,"138":0,"139":0,"140":0,"141":0,"142":0,"143":0,"144":0,"145":0,"146":0,"147":0,"148":0,"149":0,"150":0,"151":0,"152":0,"153":0,"154":0,"155":0,"156":0,"157":0,"158":0,"159":0,"160":0,"161":0,"162":0,"163":0,"164":0,"165":0,"166":0,"167":0,"168":0,"169":0,"170":0,"171":0,"172":0,"173":0,"174":0,"175":0,"176":0,"177":0,"178":0,"179":0,"180":0,"181":0,"182":0,"183":0,"184":0,"185":0,"186":0,"187":0,"188":0,"189":0,"190":0,"191":0,"192":0,"193":0,"194":0,"195":0,"196":0,"197":0,"198":0,"199":0,"200":0,"201":0,"202":0,"203":0,"204":0,"205":0,"206":0,"207":0,"208":0,"209":0,"210":0,"211":0,"212":0,"213":0,"214":0,"215":0,"216":0,"217":0,"218":0,"219":0,"220":0,"221":0,"222":0,"223":0,"224":0,"225":0,"226":0,"227":0,"228":0,"229":0,"230":0,"231":0,"232":0,"233":0,"234":0,"235":0,"236":0,"237":0,"238":0,"239":0,"240":0,"241":0,"242":0,"243":0,"244":0,"245":0,"246":0,"247":0,"248":0,"249":0,"250":0,"251":0,"252":0,"253":0,"254":0,"255":0,"256":0,"257":0,"258":0,"259":0,"260":0,"261":0,"262":0,"263":0,"264":0,"265":0,"266":0,"267":0,"268":0,"269":0,"270":0,"271":0,"272":0,"273":0,"274":0,"275":0,"276":0,"277":0,"278":0,"279":0,"280":0,"281":0,"282":0,"283":0,"284":0,"285":0,"286":0,"287":0,"288":0,"289":0,"290":0,"291":0,"292":0,"293":0,"294":0,"295":0,"296":0,"297":0,"298":0,"299":0,"300":0,"301":0,"302":0,"303":0,"304":0,"305":0,"306":0,"307":0,"308":0,"309":0},"f":{"0":0,"1":0,"2":0,"3":0,"4":0,"5":0,"6":0,"7":0,"8":0,"9":0,"10":0,"11":0,"12":0,"13":0,"14":0,"15":0,"16":0,"17":0,"18":0,"19":0,"20":0,"21":0,"22":0,"23":0,"24":0,"25":0,"26":0,"27":0,"28":0,"29":0,"30":0},"b":{"0":[0,0],"1":[0,0],"2":[0,0],"3":[0,0],"4":[0,0],"5":[0,0],"6":[0,0],"7":[0,0],"8":[0,0],"9":[0,0],"10":[0,0],"11":[0,0],"12":[0,0],"13":[0,0],"14":[0,0],"15":[0,0],"16":[0,0],"17":[0,0],"18":[0,0],"19":[0,0],"20":[0,0],"21":[0,0],"22":[0,0],"23":[0,0],"24":[0,0],"25":[0,0],"26":[0,0],"27":[0,0],"28":[0,0],"29":[0,0],"30":[0,0],"31":[0,0]}}
,"/home/tejeswar/Desktop/DevTracker/backend/routes/api.js": {"path":"/home/tejeswar/Desktop/DevTracker/backend/routes/api.js","statementMap":{"0":{"start":{"line":1,"column":16},"end":{"line":1,"column":34}},"1":{"start":{"line":2,"column":15},"end":{"line":2,"column":31}},"2":{"start":{"line":3,"column":15},"end":{"line":3,"column":34}},"3":{"start":{"line":4,"column":12},"end":{"line":4,"column":35}},"4":{"start":{"line":5,"column":35},"end":{"line":5,"column":63}},"5":{"start":{"line":6,"column":15},"end":{"line":6,"column":32}},"6":{"start":{"line":7,"column":13},"end":{"line":7,"column":38}},"7":{"start":{"line":8,"column":18},"end":{"line":8,"column":48}},"8":{"start":{"line":9,"column":17},"end":{"line":9,"column":46}},"9":{"start":{"line":10,"column":19},"end":{"line":10,"column":50}},"10":{"start":{"line":11,"column":13},"end":{"line":11,"column":42}},"11":{"start":{"line":17,"column":21},"end":{"line":34,"column":1}},"12":{"start":{"line":18,"column":15},"end":{"line":18,"column":32}},"13":{"start":{"line":19,"column":15},"end":{"line":19,"column":33}},"14":{"start":{"line":22,"column":2},"end":{"line":22,"column":57}},"15":{"start":{"line":22,"column":44},"end":{"line":22,"column":57}},"16":{"start":{"line":23,"column":2},"end":{"line":23,"column":42}},"17":{"start":{"line":23,"column":29},"end":{"line":23,"column":42}},"18":{"start":{"line":26,"column":2},"end":{"line":26,"column":47}},"19":{"start":{"line":26,"column":34},"end":{"line":26,"column":47}},"20":{"start":{"line":29,"column":16},"end":{"line":29,"column":26}},"21":{"start":{"line":30,"column":2},"end":{"line":30,"column":34}},"22":{"start":{"line":31,"column":2},"end":{"line":31,"column":33}},"23":{"start":{"line":31,"column":20},"end":{"line":31,"column":33}},"24":{"start":{"line":33,"column":2},"end":{"line":33,"column":14}},"25":{"start":{"line":36,"column":22},"end":{"line":39,"column":1}},"26":{"start":{"line":37,"column":2},"end":{"line":37,"column":22}},"27":{"start":{"line":37,"column":12},"end":{"line":37,"column":22}},"28":{"start":{"line":38,"column":2},"end":{"line":38,"column":40}},"29":{"start":{"line":45,"column":0},"end":{"line":92,"column":3}},"30":{"start":{"line":56,"column":17},"end":{"line":56,"column":38}},"31":{"start":{"line":57,"column":2},"end":{"line":62,"column":3}},"32":{"start":{"line":58,"column":4},"end":{"line":61,"column":7}},"33":{"start":{"line":64,"column":30},"end":{"line":64,"column":38}},"34":{"start":{"line":66,"column":2},"end":{"line":91,"column":3}},"35":{"start":{"line":67,"column":15},"end":{"line":67,"column":44}},"36":{"start":{"line":68,"column":4},"end":{"line":70,"column":5}},"37":{"start":{"line":69,"column":6},"end":{"line":69,"column":66}},"38":{"start":{"line":72,"column":17},"end":{"line":72,"column":41}},"39":{"start":{"line":73,"column":25},"end":{"line":73,"column":58}},"40":{"start":{"line":75,"column":4},"end":{"line":75,"column":45}},"41":{"start":{"line":76,"column":4},"end":{"line":76,"column":22}},"42":{"start":{"line":78,"column":20},"end":{"line":78,"column":45}},"43":{"start":{"line":79,"column":4},"end":{"line":87,"column":6}},"44":{"start":{"line":84,"column":8},"end":{"line":84,"column":27}},"45":{"start":{"line":84,"column":17},"end":{"line":84,"column":27}},"46":{"start":{"line":85,"column":8},"end":{"line":85,"column":28}},"47":{"start":{"line":89,"column":4},"end":{"line":89,"column":46}},"48":{"start":{"line":90,"column":4},"end":{"line":90,"column":70}},"49":{"start":{"line":94,"column":0},"end":{"line":130,"column":3}},"50":{"start":{"line":98,"column":17},"end":{"line":98,"column":38}},"51":{"start":{"line":99,"column":2},"end":{"line":101,"column":3}},"52":{"start":{"line":100,"column":4},"end":{"line":100,"column":64}},"53":{"start":{"line":103,"column":30},"end":{"line":103,"column":38}},"54":{"start":{"line":105,"column":2},"end":{"line":129,"column":3}},"55":{"start":{"line":106,"column":17},"end":{"line":106,"column":46}},"56":{"start":{"line":107,"column":4},"end":{"line":109,"column":5}},"57":{"start":{"line":108,"column":6},"end":{"line":108,"column":66}},"58":{"start":{"line":111,"column":20},"end":{"line":111,"column":69}},"59":{"start":{"line":112,"column":4},"end":{"line":114,"column":5}},"60":{"start":{"line":113,"column":6},"end":{"line":113,"column":66}},"61":{"start":{"line":116,"column":20},"end":{"line":116,"column":45}},"62":{"start":{"line":117,"column":4},"end":{"line":125,"column":6}},"63":{"start":{"line":122,"column":8},"end":{"line":122,"column":27}},"64":{"start":{"line":122,"column":17},"end":{"line":122,"column":27}},"65":{"start":{"line":123,"column":8},"end":{"line":123,"column":28}},"66":{"start":{"line":127,"column":4},"end":{"line":127,"column":39}},"67":{"start":{"line":128,"column":4},"end":{"line":128,"column":63}},"68":{"start":{"line":133,"column":0},"end":{"line":165,"column":3}},"69":{"start":{"line":136,"column":17},"end":{"line":136,"column":38}},"70":{"start":{"line":137,"column":2},"end":{"line":139,"column":3}},"71":{"start":{"line":138,"column":4},"end":{"line":138,"column":66}},"72":{"start":{"line":141,"column":2},"end":{"line":164,"column":3}},"73":{"start":{"line":142,"column":17},"end":{"line":142,"column":62}},"74":{"start":{"line":143,"column":4},"end":{"line":146,"column":5}},"75":{"start":{"line":145,"column":6},"end":{"line":145,"column":83}},"76":{"start":{"line":149,"column":23},"end":{"line":149,"column":61}},"77":{"start":{"line":150,"column":4},"end":{"line":150,"column":91}},"78":{"start":{"line":151,"column":4},"end":{"line":151,"column":53}},"79":{"start":{"line":152,"column":4},"end":{"line":152,"column":22}},"80":{"start":{"line":156,"column":4},"end":{"line":160,"column":7}},"81":{"start":{"line":162,"column":4},"end":{"line":162,"column":49}},"82":{"start":{"line":163,"column":4},"end":{"line":163,"column":50}},"83":{"start":{"line":168,"column":0},"end":{"line":213,"column":3}},"84":{"start":{"line":174,"column":17},"end":{"line":174,"column":38}},"85":{"start":{"line":175,"column":2},"end":{"line":177,"column":3}},"86":{"start":{"line":176,"column":4},"end":{"line":176,"column":64}},"87":{"start":{"line":179,"column":2},"end":{"line":212,"column":3}},"88":{"start":{"line":180,"column":24},"end":{"line":180,"column":90}},"89":{"start":{"line":182,"column":17},"end":{"line":185,"column":6}},"90":{"start":{"line":187,"column":4},"end":{"line":189,"column":5}},"91":{"start":{"line":188,"column":6},"end":{"line":188,"column":77}},"92":{"start":{"line":192,"column":17},"end":{"line":192,"column":41}},"93":{"start":{"line":193,"column":4},"end":{"line":193,"column":67}},"94":{"start":{"line":194,"column":4},"end":{"line":194,"column":40}},"95":{"start":{"line":195,"column":4},"end":{"line":195,"column":42}},"96":{"start":{"line":196,"column":4},"end":{"line":196,"column":22}},"97":{"start":{"line":199,"column":20},"end":{"line":199,"column":45}},"98":{"start":{"line":200,"column":4},"end":{"line":208,"column":6}},"99":{"start":{"line":205,"column":8},"end":{"line":205,"column":27}},"100":{"start":{"line":205,"column":17},"end":{"line":205,"column":27}},"101":{"start":{"line":206,"column":8},"end":{"line":206,"column":62}},"102":{"start":{"line":210,"column":4},"end":{"line":210,"column":48}},"103":{"start":{"line":211,"column":4},"end":{"line":211,"column":50}},"104":{"start":{"line":220,"column":0},"end":{"line":252,"column":3}},"105":{"start":{"line":221,"column":2},"end":{"line":251,"column":3}},"106":{"start":{"line":222,"column":17},"end":{"line":222,"column":46}},"107":{"start":{"line":223,"column":18},"end":{"line":223,"column":51}},"108":{"start":{"line":224,"column":17},"end":{"line":224,"column":35}},"109":{"start":{"line":226,"column":17},"end":{"line":232,"column":15}},"110":{"start":{"line":234,"column":18},"end":{"line":237,"column":6}},"111":{"start":{"line":239,"column":4},"end":{"line":247,"column":7}},"112":{"start":{"line":249,"column":4},"end":{"line":249,"column":42}},"113":{"start":{"line":250,"column":4},"end":{"line":250,"column":64}},"114":{"start":{"line":255,"column":0},"end":{"line":283,"column":3}},"115":{"start":{"line":256,"column":2},"end":{"line":282,"column":3}},"116":{"start":{"line":257,"column":17},"end":{"line":260,"column":24}},"117":{"start":{"line":262,"column":17},"end":{"line":262,"column":93}},"118":{"start":{"line":264,"column":23},"end":{"line":276,"column":5}},"119":{"start":{"line":274,"column":45},"end":{"line":274,"column":66}},"120":{"start":{"line":278,"column":4},"end":{"line":278,"column":25}},"121":{"start":{"line":280,"column":4},"end":{"line":280,"column":40}},"122":{"start":{"line":281,"column":4},"end":{"line":281,"column":65}},"123":{"start":{"line":286,"column":0},"end":{"line":341,"column":3}},"124":{"start":{"line":289,"column":4},"end":{"line":291,"column":5}},"125":{"start":{"line":290,"column":6},"end":{"line":290,"column":61}},"126":{"start":{"line":292,"column":4},"end":{"line":292,"column":16}},"127":{"start":{"line":304,"column":17},"end":{"line":304,"column":38}},"128":{"start":{"line":305,"column":2},"end":{"line":310,"column":3}},"129":{"start":{"line":306,"column":4},"end":{"line":309,"column":7}},"130":{"start":{"line":312,"column":49},"end":{"line":312,"column":57}},"131":{"start":{"line":314,"column":2},"end":{"line":340,"column":3}},"132":{"start":{"line":315,"column":14},"end":{"line":315,"column":68}},"133":{"start":{"line":318,"column":19},"end":{"line":322,"column":5}},"134":{"start":{"line":324,"column":4},"end":{"line":334,"column":5}},"135":{"start":{"line":325,"column":6},"end":{"line":325,"column":28}},"136":{"start":{"line":326,"column":6},"end":{"line":326,"column":23}},"137":{"start":{"line":328,"column":6},"end":{"line":332,"column":9}},"138":{"start":{"line":333,"column":6},"end":{"line":333,"column":23}},"139":{"start":{"line":336,"column":4},"end":{"line":336,"column":18}},"140":{"start":{"line":338,"column":4},"end":{"line":338,"column":37}},"141":{"start":{"line":339,"column":4},"end":{"line":339,"column":63}},"142":{"start":{"line":344,"column":0},"end":{"line":377,"column":3}},"143":{"start":{"line":345,"column":2},"end":{"line":376,"column":3}},"144":{"start":{"line":346,"column":28},"end":{"line":346,"column":38}},"145":{"start":{"line":349,"column":4},"end":{"line":351,"column":5}},"146":{"start":{"line":350,"column":6},"end":{"line":350,"column":66}},"147":{"start":{"line":353,"column":16},"end":{"line":353,"column":70}},"148":{"start":{"line":354,"column":4},"end":{"line":356,"column":5}},"149":{"start":{"line":355,"column":6},"end":{"line":355,"column":61}},"150":{"start":{"line":359,"column":22},"end":{"line":359,"column":40}},"151":{"start":{"line":360,"column":4},"end":{"line":362,"column":5}},"152":{"start":{"line":361,"column":6},"end":{"line":361,"column":60}},"153":{"start":{"line":364,"column":4},"end":{"line":364,"column":25}},"154":{"start":{"line":366,"column":4},"end":{"line":372,"column":5}},"155":{"start":{"line":367,"column":6},"end":{"line":367,"column":50}},"156":{"start":{"line":368,"column":6},"end":{"line":368,"column":67}},"157":{"start":{"line":370,"column":6},"end":{"line":370,"column":23}},"158":{"start":{"line":371,"column":6},"end":{"line":371,"column":27}},"159":{"start":{"line":374,"column":4},"end":{"line":374,"column":40}},"160":{"start":{"line":375,"column":4},"end":{"line":375,"column":63}},"161":{"start":{"line":384,"column":0},"end":{"line":398,"column":3}},"162":{"start":{"line":385,"column":2},"end":{"line":397,"column":3}},"163":{"start":{"line":386,"column":17},"end":{"line":386,"column":72}},"164":{"start":{"line":387,"column":4},"end":{"line":393,"column":7}},"165":{"start":{"line":395,"column":4},"end":{"line":395,"column":44}},"166":{"start":{"line":396,"column":4},"end":{"line":396,"column":50}},"167":{"start":{"line":401,"column":0},"end":{"line":438,"column":3}},"168":{"start":{"line":402,"column":2},"end":{"line":437,"column":3}},"169":{"start":{"line":403,"column":17},"end":{"line":403,"column":49}},"170":{"start":{"line":405,"column":4},"end":{"line":413,"column":5}},"171":{"start":{"line":406,"column":6},"end":{"line":412,"column":8}},"172":{"start":{"line":416,"column":4},"end":{"line":433,"column":5}},"173":{"start":{"line":417,"column":6},"end":{"line":417,"column":37}},"174":{"start":{"line":418,"column":6},"end":{"line":418,"column":41}},"175":{"start":{"line":419,"column":6},"end":{"line":419,"column":48}},"176":{"start":{"line":420,"column":6},"end":{"line":420,"column":24}},"177":{"start":{"line":422,"column":6},"end":{"line":426,"column":9}},"178":{"start":{"line":428,"column":6},"end":{"line":432,"column":9}},"179":{"start":{"line":435,"column":4},"end":{"line":435,"column":45}},"180":{"start":{"line":436,"column":4},"end":{"line":436,"column":50}},"181":{"start":{"line":441,"column":0},"end":{"line":503,"column":3}},"182":{"start":{"line":443,"column":4},"end":{"line":445,"column":5}},"183":{"start":{"line":444,"column":6},"end":{"line":444,"column":45}},"184":{"start":{"line":446,"column":4},"end":{"line":446,"column":16}},"185":{"start":{"line":449,"column":2},"end":{"line":502,"column":3}},"186":{"start":{"line":450,"column":19},"end":{"line":450,"column":40}},"187":{"start":{"line":451,"column":4},"end":{"line":453,"column":5}},"188":{"start":{"line":452,"column":6},"end":{"line":452,"column":66}},"189":{"start":{"line":455,"column":21},"end":{"line":455,"column":29}},"190":{"start":{"line":456,"column":17},"end":{"line":456,"column":49}},"191":{"start":{"line":458,"column":4},"end":{"line":460,"column":5}},"192":{"start":{"line":459,"column":6},"end":{"line":459,"column":74}},"193":{"start":{"line":463,"column":4},"end":{"line":465,"column":5}},"194":{"start":{"line":464,"column":6},"end":{"line":464,"column":81}},"195":{"start":{"line":468,"column":23},"end":{"line":468,"column":37}},"196":{"start":{"line":469,"column":18},"end":{"line":469,"column":28}},"197":{"start":{"line":470,"column":4},"end":{"line":470,"column":31}},"198":{"start":{"line":472,"column":4},"end":{"line":474,"column":5}},"199":{"start":{"line":473,"column":6},"end":{"line":473,"column":73}},"200":{"start":{"line":477,"column":24},"end":{"line":480,"column":6}},"201":{"start":{"line":482,"column":4},"end":{"line":484,"column":5}},"202":{"start":{"line":483,"column":6},"end":{"line":483,"column":87}},"203":{"start":{"line":487,"column":4},"end":{"line":487,"column":35}},"204":{"start":{"line":488,"column":4},"end":{"line":488,"column":43}},"205":{"start":{"line":489,"column":4},"end":{"line":489,"column":37}},"206":{"start":{"line":490,"column":4},"end":{"line":490,"column":45}},"207":{"start":{"line":491,"column":4},"end":{"line":491,"column":22}},"208":{"start":{"line":493,"column":4},"end":{"line":498,"column":7}},"209":{"start":{"line":500,"column":4},"end":{"line":500,"column":49}},"210":{"start":{"line":501,"column":4},"end":{"line":501,"column":50}},"211":{"start":{"line":506,"column":0},"end":{"line":520,"column":3}},"212":{"start":{"line":507,"column":2},"end":{"line":519,"column":3}},"213":{"start":{"line":508,"column":17},"end":{"line":508,"column":72}},"214":{"start":{"line":509,"column":4},"end":{"line":515,"column":7}},"215":{"start":{"line":517,"column":4},"end":{"line":517,"column":48}},"216":{"start":{"line":518,"column":4},"end":{"line":518,"column":50}},"217":{"start":{"line":527,"column":0},"end":{"line":563,"column":3}},"218":{"start":{"line":537,"column":17},"end":{"line":537,"column":38}},"219":{"start":{"line":538,"column":2},"end":{"line":540,"column":3}},"220":{"start":{"line":539,"column":4},"end":{"line":539,"column":64}},"221":{"start":{"line":542,"column":2},"end":{"line":562,"column":3}},"222":{"start":{"line":543,"column":21},"end":{"line":555,"column":6}},"223":{"start":{"line":557,"column":4},"end":{"line":557,"column":26}},"224":{"start":{"line":558,"column":4},"end":{"line":558,"column":35}},"225":{"start":{"line":560,"column":4},"end":{"line":560,"column":49}},"226":{"start":{"line":561,"column":4},"end":{"line":561,"column":50}},"227":{"start":{"line":566,"column":0},"end":{"line":607,"column":3}},"228":{"start":{"line":567,"column":2},"end":{"line":606,"column":3}},"229":{"start":{"line":568,"column":17},"end":{"line":568,"column":46}},"230":{"start":{"line":569,"column":18},"end":{"line":569,"column":20}},"231":{"start":{"line":570,"column":17},"end":{"line":570,"column":35}},"232":{"start":{"line":572,"column":20},"end":{"line":572,"column":43}},"233":{"start":{"line":574,"column":4},"end":{"line":578,"column":5}},"234":{"start":{"line":575,"column":6},"end":{"line":575,"column":40}},"235":{"start":{"line":577,"column":6},"end":{"line":577,"column":43}},"236":{"start":{"line":579,"column":4},"end":{"line":579,"column":78}},"237":{"start":{"line":579,"column":32},"end":{"line":579,"column":78}},"238":{"start":{"line":580,"column":4},"end":{"line":580,"column":66}},"239":{"start":{"line":580,"column":28},"end":{"line":580,"column":66}},"240":{"start":{"line":581,"column":4},"end":{"line":583,"column":5}},"241":{"start":{"line":582,"column":6},"end":{"line":582,"column":96}},"242":{"start":{"line":585,"column":19},"end":{"line":585,"column":61}},"243":{"start":{"line":586,"column":22},"end":{"line":590,"column":13}},"244":{"start":{"line":592,"column":18},"end":{"line":592,"column":56}},"245":{"start":{"line":594,"column":4},"end":{"line":602,"column":7}},"246":{"start":{"line":604,"column":4},"end":{"line":604,"column":47}},"247":{"start":{"line":605,"column":4},"end":{"line":605,"column":50}},"248":{"start":{"line":610,"column":0},"end":{"line":648,"column":3}},"249":{"start":{"line":611,"column":2},"end":{"line":647,"column":3}},"250":{"start":{"line":612,"column":24},"end":{"line":612,"column":47}},"251":{"start":{"line":613,"column":17},"end":{"line":613,"column":46}},"252":{"start":{"line":614,"column":18},"end":{"line":614,"column":20}},"253":{"start":{"line":615,"column":17},"end":{"line":615,"column":35}},"254":{"start":{"line":617,"column":23},"end":{"line":625,"column":5}},"255":{"start":{"line":627,"column":22},"end":{"line":631,"column":11}},"256":{"start":{"line":633,"column":18},"end":{"line":633,"column":59}},"257":{"start":{"line":635,"column":4},"end":{"line":643,"column":7}},"258":{"start":{"line":645,"column":4},"end":{"line":645,"column":50}},"259":{"start":{"line":646,"column":4},"end":{"line":646,"column":50}},"260":{"start":{"line":651,"column":0},"end":{"line":707,"column":3}},"261":{"start":{"line":652,"column":2},"end":{"line":706,"column":3}},"262":{"start":{"line":653,"column":18},"end":{"line":692,"column":6}},"263":{"start":{"line":694,"column":25},"end":{"line":694,"column":49}},"264":{"start":{"line":695,"column":19},"end":{"line":695,"column":41}},"265":{"start":{"line":696,"column":23},"end":{"line":696,"column":49}},"266":{"start":{"line":698,"column":4},"end":{"line":702,"column":7}},"267":{"start":{"line":700,"column":49},"end":{"line":700,"column":65}},"268":{"start":{"line":701,"column":57},"end":{"line":701,"column":73}},"269":{"start":{"line":704,"column":4},"end":{"line":704,"column":43}},"270":{"start":{"line":705,"column":4},"end":{"line":705,"column":50}},"271":{"start":{"line":710,"column":0},"end":{"line":726,"column":3}},"272":{"start":{"line":711,"column":2},"end":{"line":725,"column":3}},"273":{"start":{"line":712,"column":21},"end":{"line":715,"column":6}},"274":{"start":{"line":717,"column":4},"end":{"line":719,"column":5}},"275":{"start":{"line":718,"column":6},"end":{"line":718,"column":65}},"276":{"start":{"line":721,"column":4},"end":{"line":721,"column":23}},"277":{"start":{"line":723,"column":4},"end":{"line":723,"column":46}},"278":{"start":{"line":724,"column":4},"end":{"line":724,"column":50}},"279":{"start":{"line":729,"column":0},"end":{"line":769,"column":3}},"280":{"start":{"line":736,"column":17},"end":{"line":736,"column":38}},"281":{"start":{"line":737,"column":2},"end":{"line":739,"column":3}},"282":{"start":{"line":738,"column":4},"end":{"line":738,"column":64}},"283":{"start":{"line":741,"column":2},"end":{"line":768,"column":3}},"284":{"start":{"line":742,"column":19},"end":{"line":745,"column":6}},"285":{"start":{"line":747,"column":4},"end":{"line":749,"column":5}},"286":{"start":{"line":748,"column":6},"end":{"line":748,"column":65}},"287":{"start":{"line":751,"column":25},"end":{"line":751,"column":162}},"288":{"start":{"line":752,"column":4},"end":{"line":756,"column":7}},"289":{"start":{"line":753,"column":6},"end":{"line":755,"column":7}},"290":{"start":{"line":754,"column":8},"end":{"line":754,"column":42}},"291":{"start":{"line":759,"column":4},"end":{"line":761,"column":5}},"292":{"start":{"line":760,"column":6},"end":{"line":760,"column":43}},"293":{"start":{"line":763,"column":4},"end":{"line":763,"column":26}},"294":{"start":{"line":764,"column":4},"end":{"line":764,"column":23}},"295":{"start":{"line":766,"column":4},"end":{"line":766,"column":49}},"296":{"start":{"line":767,"column":4},"end":{"line":767,"column":50}},"297":{"start":{"line":772,"column":0},"end":{"line":788,"column":3}},"298":{"start":{"line":773,"column":2},"end":{"line":787,"column":3}},"299":{"start":{"line":774,"column":20},"end":{"line":777,"column":6}},"300":{"start":{"line":779,"column":4},"end":{"line":781,"column":5}},"301":{"start":{"line":780,"column":6},"end":{"line":780,"column":65}},"302":{"start":{"line":783,"column":4},"end":{"line":783,"column":42}},"303":{"start":{"line":785,"column":4},"end":{"line":785,"column":49}},"304":{"start":{"line":786,"column":4},"end":{"line":786,"column":50}},"305":{"start":{"line":791,"column":0},"end":{"line":811,"column":3}},"306":{"start":{"line":792,"column":2},"end":{"line":810,"column":3}},"307":{"start":{"line":793,"column":21},"end":{"line":796,"column":6}},"308":{"start":{"line":798,"column":4},"end":{"line":800,"column":5}},"309":{"start":{"line":799,"column":6},"end":{"line":799,"column":65}},"310":{"start":{"line":802,"column":4},"end":{"line":802,"column":34}},"311":{"start":{"line":803,"column":4},"end":{"line":803,"column":41}},"312":{"start":{"line":804,"column":4},"end":{"line":804,"column":26}},"313":{"start":{"line":806,"column":4},"end":{"line":806,"column":23}},"314":{"start":{"line":808,"column":4},"end":{"line":808,"column":51}},"315":{"start":{"line":809,"column":4},"end":{"line":809,"column":50}},"316":{"start":{"line":814,"column":0},"end":{"line":840,"column":3}},"317":{"start":{"line":817,"column":17},"end":{"line":817,"column":38}},"318":{"start":{"line":818,"column":2},"end":{"line":820,"column":3}},"319":{"start":{"line":819,"column":4},"end":{"line":819,"column":64}},"320":{"start":{"line":822,"column":2},"end":{"line":839,"column":3}},"321":{"start":{"line":823,"column":21},"end":{"line":826,"column":6}},"322":{"start":{"line":828,"column":4},"end":{"line":830,"column":5}},"323":{"start":{"line":829,"column":6},"end":{"line":829,"column":65}},"324":{"start":{"line":832,"column":4},"end":{"line":832,"column":38}},"325":{"start":{"line":833,"column":4},"end":{"line":833,"column":26}},"326":{"start":{"line":835,"column":4},"end":{"line":835,"column":23}},"327":{"start":{"line":837,"column":4},"end":{"line":837,"column":47}},"328":{"start":{"line":838,"column":4},"end":{"line":838,"column":50}},"329":{"start":{"line":843,"column":0},"end":{"line":865,"column":3}},"330":{"start":{"line":844,"column":2},"end":{"line":864,"column":3}},"331":{"start":{"line":845,"column":21},"end":{"line":848,"column":6}},"332":{"start":{"line":850,"column":4},"end":{"line":852,"column":5}},"333":{"start":{"line":851,"column":6},"end":{"line":851,"column":65}},"334":{"start":{"line":854,"column":4},"end":{"line":854,"column":43}},"335":{"start":{"line":855,"column":4},"end":{"line":855,"column":26}},"336":{"start":{"line":857,"column":4},"end":{"line":860,"column":7}},"337":{"start":{"line":862,"column":4},"end":{"line":862,"column":44}},"338":{"start":{"line":863,"column":4},"end":{"line":863,"column":50}},"339":{"start":{"line":872,"column":0},"end":{"line":913,"column":3}},"340":{"start":{"line":878,"column":17},"end":{"line":878,"column":38}},"341":{"start":{"line":879,"column":2},"end":{"line":881,"column":3}},"342":{"start":{"line":880,"column":4},"end":{"line":880,"column":64}},"343":{"start":{"line":883,"column":2},"end":{"line":912,"column":3}},"344":{"start":{"line":884,"column":82},"end":{"line":884,"column":90}},"345":{"start":{"line":886,"column":16},"end":{"line":889,"column":6}},"346":{"start":{"line":891,"column":4},"end":{"line":906,"column":5}},"347":{"start":{"line":892,"column":6},"end":{"line":892,"column":92}},"348":{"start":{"line":893,"column":6},"end":{"line":893,"column":25}},"349":{"start":{"line":895,"column":6},"end":{"line":904,"column":9}},"350":{"start":{"line":905,"column":6},"end":{"line":905,"column":25}},"351":{"start":{"line":908,"column":4},"end":{"line":908,"column":32}},"352":{"start":{"line":910,"column":4},"end":{"line":910,"column":52}},"353":{"start":{"line":911,"column":4},"end":{"line":911,"column":50}},"354":{"start":{"line":916,"column":0},"end":{"line":932,"column":3}},"355":{"start":{"line":917,"column":2},"end":{"line":931,"column":3}},"356":{"start":{"line":918,"column":18},"end":{"line":921,"column":6}},"357":{"start":{"line":923,"column":4},"end":{"line":925,"column":5}},"358":{"start":{"line":924,"column":6},"end":{"line":924,"column":69}},"359":{"start":{"line":927,"column":4},"end":{"line":927,"column":20}},"360":{"start":{"line":929,"column":4},"end":{"line":929,"column":49}},"361":{"start":{"line":930,"column":4},"end":{"line":930,"column":50}},"362":{"start":{"line":935,"column":0},"end":{"line":951,"column":3}},"363":{"start":{"line":936,"column":2},"end":{"line":950,"column":3}},"364":{"start":{"line":937,"column":17},"end":{"line":937,"column":42}},"365":{"start":{"line":939,"column":20},"end":{"line":944,"column":11}},"366":{"start":{"line":946,"column":4},"end":{"line":946,"column":22}},"367":{"start":{"line":948,"column":4},"end":{"line":948,"column":52}},"368":{"start":{"line":949,"column":4},"end":{"line":949,"column":50}},"369":{"start":{"line":954,"column":0},"end":{"line":976,"column":3}},"370":{"start":{"line":955,"column":2},"end":{"line":975,"column":3}},"371":{"start":{"line":956,"column":17},"end":{"line":956,"column":46}},"372":{"start":{"line":957,"column":18},"end":{"line":957,"column":20}},"373":{"start":{"line":958,"column":17},"end":{"line":958,"column":35}},"374":{"start":{"line":960,"column":20},"end":{"line":964,"column":13}},"375":{"start":{"line":966,"column":18},"end":{"line":966,"column":74}},"376":{"start":{"line":968,"column":4},"end":{"line":971,"column":7}},"377":{"start":{"line":973,"column":4},"end":{"line":973,"column":42}},"378":{"start":{"line":974,"column":4},"end":{"line":974,"column":50}},"379":{"start":{"line":979,"column":0},"end":{"line":998,"column":3}},"380":{"start":{"line":980,"column":2},"end":{"line":997,"column":3}},"381":{"start":{"line":981,"column":18},"end":{"line":981,"column":28}},"382":{"start":{"line":982,"column":18},"end":{"line":982,"column":63}},"383":{"start":{"line":983,"column":16},"end":{"line":983,"column":56}},"384":{"start":{"line":984,"column":24},"end":{"line":984,"column":42}},"385":{"start":{"line":986,"column":20},"end":{"line":991,"column":11}},"386":{"start":{"line":993,"column":4},"end":{"line":993,"column":22}},"387":{"start":{"line":995,"column":4},"end":{"line":995,"column":45}},"388":{"start":{"line":996,"column":4},"end":{"line":996,"column":50}},"389":{"start":{"line":1001,"column":0},"end":{"line":1034,"column":3}},"390":{"start":{"line":1002,"column":2},"end":{"line":1033,"column":3}},"391":{"start":{"line":1003,"column":18},"end":{"line":1021,"column":6}},"392":{"start":{"line":1023,"column":25},"end":{"line":1023,"column":49}},"393":{"start":{"line":1024,"column":19},"end":{"line":1024,"column":41}},"394":{"start":{"line":1026,"column":4},"end":{"line":1029,"column":7}},"395":{"start":{"line":1028,"column":49},"end":{"line":1028,"column":65}},"396":{"start":{"line":1031,"column":4},"end":{"line":1031,"column":49}},"397":{"start":{"line":1032,"column":4},"end":{"line":1032,"column":50}},"398":{"start":{"line":1037,"column":0},"end":{"line":1055,"column":3}},"399":{"start":{"line":1038,"column":2},"end":{"line":1054,"column":3}},"400":{"start":{"line":1039,"column":16},"end":{"line":1042,"column":6}},"401":{"start":{"line":1044,"column":4},"end":{"line":1046,"column":5}},"402":{"start":{"line":1045,"column":6},"end":{"line":1045,"column":62}},"403":{"start":{"line":1048,"column":4},"end":{"line":1048,"column":35}},"404":{"start":{"line":1049,"column":4},"end":{"line":1049,"column":23}},"405":{"start":{"line":1050,"column":4},"end":{"line":1050,"column":20}},"406":{"start":{"line":1052,"column":4},"end":{"line":1052,"column":46}},"407":{"start":{"line":1053,"column":4},"end":{"line":1053,"column":50}},"408":{"start":{"line":1058,"column":0},"end":{"line":1070,"column":3}},"409":{"start":{"line":1059,"column":2},"end":{"line":1069,"column":3}},"410":{"start":{"l
[...]
e":223},"22":{"loc":{"start":{"line":289,"column":4},"end":{"line":291,"column":5}},"type":"if","locations":[{"start":{"line":289,"column":4},"end":{"line":291,"column":5}},{"start":{},"end":{}}],"line":289},"23":{"loc":{"start":{"line":305,"column":2},"end":{"line":310,"column":3}},"type":"if","locations":[{"start":{"line":305,"column":2},"end":{"line":310,"column":3}},{"start":{},"end":{}}],"line":305},"24":{"loc":{"start":{"line":321,"column":16},"end":{"line":321,"column":35}},"type":"binary-expr","locations":[{"start":{"line":321,"column":16},"end":{"line":321,"column":24}},{"start":{"line":321,"column":28},"end":{"line":321,"column":35}}],"line":321},"25":{"loc":{"start":{"line":324,"column":4},"end":{"line":334,"column":5}},"type":"if","locations":[{"start":{"line":324,"column":4},"end":{"line":334,"column":5}},{"start":{"line":327,"column":11},"end":{"line":334,"column":5}}],"line":324},"26":{"loc":{"start":{"line":349,"column":4},"end":{"line":351,"column":5}},"type":"if","locations":[{"start":{"line":349,"column":4},"end":{"line":351,"column":5}},{"start":{},"end":{}}],"line":349},"27":{"loc":{"start":{"line":354,"column":4},"end":{"line":356,"column":5}},"type":"if","locations":[{"start":{"line":354,"column":4},"end":{"line":356,"column":5}},{"start":{},"end":{}}],"line":354},"28":{"loc":{"start":{"line":360,"column":4},"end":{"line":362,"column":5}},"type":"if","locations":[{"start":{"line":360,"column":4},"end":{"line":362,"column":5}},{"start":{},"end":{}}],"line":360},"29":{"loc":{"start":{"line":366,"column":4},"end":{"line":372,"column":5}},"type":"if","locations":[{"start":{"line":366,"column":4},"end":{"line":372,"column":5}},{"start":{"line":369,"column":11},"end":{"line":372,"column":5}}],"line":366},"30":{"loc":{"start":{"line":387,"column":13},"end":{"line":393,"column":5}},"type":"binary-expr","locations":[{"start":{"line":387,"column":13},"end":{"line":387,"column":30}},{"start":{"line":387,"column":34},"end":{"line":393,"column":5}}],"line":387},"31":{"loc":{"start":{"line":405,"column":4},"end":{"line":413,"column":5}},"type":"if","locations":[{"start":{"line":405,"column":4},"end":{"line":413,"column":5}},{"start":{},"end":{}}],"line":405},"32":{"loc":{"start":{"line":416,"column":4},"end":{"line":433,"column":5}},"type":"if","locations":[{"start":{"line":416,"column":4},"end":{"line":433,"column":5}},{"start":{"line":427,"column":11},"end":{"line":433,"column":5}}],"line":416},"33":{"loc":{"start":{"line":443,"column":4},"end":{"line":445,"column":5}},"type":"if","locations":[{"start":{"line":443,"column":4},"end":{"line":445,"column":5}},{"start":{},"end":{}}],"line":443},"34":{"loc":{"start":{"line":451,"column":4},"end":{"line":453,"column":5}},"type":"if","locations":[{"start":{"line":451,"column":4},"end":{"line":453,"column":5}},{"start":{},"end":{}}],"line":451},"35":{"loc":{"start":{"line":458,"column":4},"end":{"line":460,"column":5}},"type":"if","locations":[{"start":{"line":458,"column":4},"end":{"line":460,"column":5}},{"start":{},"end":{}}],"line":458},"36":{"loc":{"start":{"line":458,"column":8},"end":{"line":458,"column":60}},"type":"binary-expr","locations":[{"start":{"line":458,"column":8},"end":{"line":458,"column":26}},{"start":{"line":458,"column":30},"end":{"line":458,"column":60}}],"line":458},"37":{"loc":{"start":{"line":463,"column":4},"end":{"line":465,"column":5}},"type":"if","locations":[{"start":{"line":463,"column":4},"end":{"line":465,"column":5}},{"start":{},"end":{}}],"line":463},"38":{"loc":{"start":{"line":472,"column":4},"end":{"line":474,"column":5}},"type":"if","locations":[{"start":{"line":472,"column":4},"end":{"line":474,"column":5}},{"start":{},"end":{}}],"line":472},"39":{"loc":{"start":{"line":482,"column":4},"end":{"line":484,"column":5}},"type":"if","locations":[{"start":{"line":482,"column":4},"end":{"line":484,"column":5}},{"start":{},"end":{}}],"line":482},"40":{"loc":{"start":{"line":482,"column":8},"end":{"line":482,"column":50}},"type":"binary-expr","locations":[{"start":{"line":482,"column":8},"end":{"line":482,"column":19}},{"start":{"line":482,"column":23},"end":{"line":482,"column":50}}],"line":482},"41":{"loc":{"start":{"line":510,"column":15},"end":{"line":510,"column":46}},"type":"binary-expr","locations":[{"start":{"line":510,"column":15},"end":{"line":510,"column":41}},{"start":{"line":510,"column":45},"end":{"line":510,"column":46}}],"line":510},"42":{"loc":{"start":{"line":511,"column":17},"end":{"line":511,"column":51}},"type":"binary-expr","locations":[{"start":{"line":511,"column":17},"end":{"line":511,"column":45}},{"start":{"line":511,"column":49},"end":{"line":511,"column":51}}],"line":511},"43":{"loc":{"start":{"line":512,"column":19},"end":{"line":512,"column":54}},"type":"binary-expr","locations":[{"start":{"line":512,"column":19},"end":{"line":512,"column":49}},{"start":{"line":512,"column":53},"end":{"line":512,"column":54}}],"line":512},"44":{"loc":{"start":{"line":513,"column":17},"end":{"line":513,"column":50}},"type":"binary-expr","locations":[{"start":{"line":513,"column":17},"end":{"line":513,"column":45}},{"start":{"line":513,"column":49},"end":{"line":513,"column":50}}],"line":513},"45":{"loc":{"start":{"line":514,"column":25},"end":{"line":514,"column":66}},"type":"binary-expr","locations":[{"start":{"line":514,"column":25},"end":{"line":514,"column":61}},{"start":{"line":514,"column":65},"end":{"line":514,"column":66}}],"line":514},"46":{"loc":{"start":{"line":538,"column":2},"end":{"line":540,"column":3}},"type":"if","locations":[{"start":{"line":538,"column":2},"end":{"line":540,"column":3}},{"start":{},"end":{}}],"line":538},"47":{"loc":{"start":{"line":546,"column":19},"end":{"line":546,"column":45}},"type":"binary-expr","locations":[{"start":{"line":546,"column":19},"end":{"line":546,"column":39}},{"start":{"line":546,"column":43},"end":{"line":546,"column":45}}],"line":546},"48":{"loc":{"start":{"line":548,"column":11},"end":{"line":548,"column":29}},"type":"binary-expr","locations":[{"start":{"line":548,"column":11},"end":{"line":548,"column":23}},{"start":{"line":548,"column":27},"end":{"line":548,"column":29}}],"line":548},"49":{"loc":{"start":{"line":549,"column":16},"end":{"line":549,"column":39}},"type":"binary-expr","locations":[{"start":{"line":549,"column":16},"end":{"line":549,"column":33}},{"start":{"line":549,"column":37},"end":{"line":549,"column":39}}],"line":549},"50":{"loc":{"start":{"line":550,"column":19},"end":{"line":550,"column":45}},"type":"binary-expr","locations":[{"start":{"line":550,"column":19},"end":{"line":550,"column":39}},{"start":{"line":550,"column":43},"end":{"line":550,"column":45}}],"line":550},"51":{"loc":{"start":{"line":551,"column":12},"end":{"line":551,"column":31}},"type":"binary-expr","locations":[{"start":{"line":551,"column":12},"end":{"line":551,"column":25}},{"start":{"line":551,"column":29},"end":{"line":551,"column":31}}],"line":551},"52":{"loc":{"start":{"line":552,"column":16},"end":{"line":552,"column":45}},"type":"binary-expr","locations":[{"start":{"line":552,"column":16},"end":{"line":552,"column":33}},{"start":{"line":552,"column":37},"end":{"line":552,"column":45}}],"line":552},"53":{"loc":{"start":{"line":553,"column":14},"end":{"line":553,"column":41}},"type":"binary-expr","locations":[{"start":{"line":553,"column":14},"end":{"line":553,"column":29}},{"start":{"line":553,"column":33},"end":{"line":553,"column":41}}],"line":553},"54":{"loc":{"start":{"line":554,"column":18},"end":{"line":554,"column":45}},"type":"binary-expr","locations":[{"start":{"line":554,"column":18},"end":{"line":554,"column":37}},{"start":{"line":554,"column":41},"end":{"line":554,"column":45}}],"line":554},"55":{"loc":{"start":{"line":568,"column":17},"end":{"line":568,"column":46}},"type":"binary-expr","locations":[{"start":{"line":568,"column":17},"end":{"line":568,"column":41}},{"start":{"line":568,"column":45},"end":{"line":568,"column":46}}],"line":568},"56":{"loc":{"start":{"line":574,"column":4},"end":{"line":578,"column":5}},"type":"if","locations":[{"start":{"line":574,"column":4},"end":{"line":578,"column":5}},{"start":{"line":576,"column":11},"end":{"line":578,"column":5}}],"line":574},"57":{"loc":{"start":{"line":579,"column":4},"end":{"line":579,"column":78}},"type":"if","locations":[{"start":{"line":579,"column":4},"end":{"line":579,"column":78}},{"start":{},"end":{}}],"line":579},"58":{"loc":{"start":{"line":580,"column":4},"end":{"line":580,"column":66}},"type":"if","locations":[{"start":{"line":580,"column":4},"end":{"line":580,"column":66}},{"start":{},"end":{}}],"line":580},"59":{"loc":{"start":{"line":581,"column":4},"end":{"line":583,"column":5}},"type":"if","locations":[{"start":{"line":581,"column":4},"end":{"line":583,"column":5}},{"start":{},"end":{}}],"line":581},"60":{"loc":{"start":{"line":582,"column":28},"end":{"line":582,"column":93}},"type":"cond-expr","locations":[{"start":{"line":582,"column":60},"end":{"line":582,"column":74}},{"start":{"line":582,"column":77},"end":{"line":582,"column":93}}],"line":582},"61":{"loc":{"start":{"line":585,"column":19},"end":{"line":585,"column":61}},"type":"binary-expr","locations":[{"start":{"line":585,"column":19},"end":{"line":585,"column":35}},{"start":{"line":585,"column":39},"end":{"line":585,"column":61}}],"line":585},"62":{"loc":{"start":{"line":613,"column":17},"end":{"line":613,"column":46}},"type":"binary-expr","locations":[{"start":{"line":613,"column":17},"end":{"line":613,"column":41}},{"start":{"line":613,"column":45},"end":{"line":613,"column":46}}],"line":613},"63":{"loc":{"start":{"line":694,"column":25},"end":{"line":694,"column":49}},"type":"binary-expr","locations":[{"start":{"line":694,"column":25},"end":{"line":694,"column":43}},{"start":{"line":694,"column":47},"end":{"line":694,"column":49}}],"line":694},"64":{"loc":{"start":{"line":695,"column":19},"end":{"line":695,"column":41}},"type":"binary-expr","locations":[{"start":{"line":695,"column":19},"end":{"line":695,"column":35}},{"start":{"line":695,"column":39},"end":{"line":695,"column":41}}],"line":695},"65":{"loc":{"start":{"line":696,"column":23},"end":{"line":696,"column":49}},"type":"binary-expr","locations":[{"start":{"line":696,"column":23},"end":{"line":696,"column":43}},{"start":{"line":696,"column":47},"end":{"line":696,"column":49}}],"line":696},"66":{"loc":{"start":{"line":717,"column":4},"end":{"line":719,"column":5}},"type":"if","locations":[{"start":{"line":717,"column":4},"end":{"line":719,"column":5}},{"start":{},"end":{}}],"line":717},"67":{"loc":{"start":{"line":737,"column":2},"end":{"line":739,"column":3}},"type":"if","locations":[{"start":{"line":737,"column":2},"end":{"line":739,"column":3}},{"start":{},"end":{}}],"line":737},"68":{"loc":{"start":{"line":747,"column":4},"end":{"line":749,"column":5}},"type":"if","locations":[{"start":{"line":747,"column":4},"end":{"line":749,"column":5}},{"start":{},"end":{}}],"line":747},"69":{"loc":{"start":{"line":753,"column":6},"end":{"line":755,"column":7}},"type":"if","locations":[{"start":{"line":753,"column":6},"end":{"line":755,"column":7}},{"start":{},"end":{}}],"line":753},"70":{"loc":{"start":{"line":759,"column":4},"end":{"line":761,"column":5}},"type":"if","locations":[{"start":{"line":759,"column":4},"end":{"line":761,"column":5}},{"start":{},"end":{}}],"line":759},"71":{"loc":{"start":{"line":759,"column":8},"end":{"line":759,"column":74}},"type":"binary-expr","locations":[{"start":{"line":759,"column":8},"end":{"line":759,"column":39}},{"start":{"line":759,"column":43},"end":{"line":759,"column":74}}],"line":759},"72":{"loc":{"start":{"line":779,"column":4},"end":{"line":781,"column":5}},"type":"if","locations":[{"start":{"line":779,"column":4},"end":{"line":781,"column":5}},{"start":{},"end":{}}],"line":779},"73":{"loc":{"start":{"line":798,"column":4},"end":{"line":800,"column":5}},"type":"if","locations":[{"start":{"line":798,"column":4},"end":{"line":800,"column":5}},{"start":{},"end":{}}],"line":798},"74":{"loc":{"start":{"line":818,"column":2},"end":{"line":820,"column":3}},"type":"if","locations":[{"start":{"line":818,"column":2},"end":{"line":820,"column":3}},{"start":{},"end":{}}],"line":818},"75":{"loc":{"start":{"line":828,"column":4},"end":{"line":830,"column":5}},"type":"if","locations":[{"start":{"line":828,"column":4},"end":{"line":830,"column":5}},{"start":{},"end":{}}],"line":828},"76":{"loc":{"start":{"line":850,"column":4},"end":{"line":852,"column":5}},"type":"if","locations":[{"start":{"line":850,"column":4},"end":{"line":852,"column":5}},{"start":{},"end":{}}],"line":850},"77":{"loc":{"start":{"line":879,"column":2},"end":{"line":881,"column":3}},"type":"if","locations":[{"start":{"line":879,"column":2},"end":{"line":881,"column":3}},{"start":{},"end":{}}],"line":879},"78":{"loc":{"start":{"line":891,"column":4},"end":{"line":906,"column":5}},"type":"if","locations":[{"start":{"line":891,"column":4},"end":{"line":906,"column":5}},{"start":{"line":894,"column":11},"end":{"line":906,"column":5}}],"line":891},"79":{"loc":{"start":{"line":899,"column":14},"end":{"line":899,"column":31}},"type":"binary-expr","locations":[{"start":{"line":899,"column":14},"end":{"line":899,"column":18}},{"start":{"line":899,"column":22},"end":{"line":899,"column":31}}],"line":899},"80":{"loc":{"start":{"line":900,"column":23},"end":{"line":900,"column":41}},"type":"binary-expr","locations":[{"start":{"line":900,"column":23},"end":{"line":900,"column":36}},{"start":{"line":900,"column":40},"end":{"line":900,"column":41}}],"line":900},"81":{"loc":{"start":{"line":901,"column":16},"end":{"line":901,"column":28}},"type":"binary-expr","locations":[{"start":{"line":901,"column":16},"end":{"line":901,"column":22}},{"start":{"line":901,"column":26},"end":{"line":901,"column":28}}],"line":901},"82":{"loc":{"start":{"line":902,"column":19},"end":{"line":902,"column":34}},"type":"binary-expr","locations":[{"start":{"line":902,"column":19},"end":{"line":902,"column":28}},{"start":{"line":902,"column":32},"end":{"line":902,"column":34}}],"line":902},"83":{"loc":{"start":{"line":903,"column":20},"end":{"line":903,"column":36}},"type":"binary-expr","locations":[{"start":{"line":903,"column":20},"end":{"line":903,"column":30}},{"start":{"line":903,"column":34},"end":{"line":903,"column":36}}],"line":903},"84":{"loc":{"start":{"line":923,"column":4},"end":{"line":925,"column":5}},"type":"if","locations":[{"start":{"line":923,"column":4},"end":{"line":925,"column":5}},{"start":{},"end":{}}],"line":923},"85":{"loc":{"start":{"line":956,"column":17},"end":{"line":956,"column":46}},"type":"binary-expr","locations":[{"start":{"line":956,"column":17},"end":{"line":956,"column":41}},{"start":{"line":956,"column":45},"end":{"line":956,"column":46}}],"line":956},"86":{"loc":{"start":{"line":1023,"column":25},"end":{"line":1023,"column":49}},"type":"binary-expr","locations":[{"start":{"line":1023,"column":25},"end":{"line":1023,"column":43}},{"start":{"line":1023,"column":47},"end":{"line":1023,"column":49}}],"line":1023},"87":{"loc":{"start":{"line":1024,"column":19},"end":{"line":1024,"column":41}},"type":"binary-expr","locations":[{"start":{"line":1024,"column":19},"end":{"line":1024,"column":35}},{"start":{"line":1024,"column":39},"end":{"line":1024,"column":41}}],"line":1024},"88":{"loc":{"start":{"line":1044,"column":4},"end":{"line":1046,"column":5}},"type":"if","locations":[{"start":{"line":1044,"column":4},"end":{"line":1046,"column":5}},{"start":{},"end":{}}],"line":1044}},"s":{"0":0,"1":0,"2":0,"3":0,"4":0,"5":0,"6":0,"7":0,"8":0,"9":0,"10":0,"11":0,"12":0,"13":0,"14":0,"15":0,"16":0,"17":0,"18":0,"19":0,"20":0,"21":0,"22":0,"23":0,"24":0,"25":0,"26":0,"27":0,"28":0,"29":0,"30":0,"31":0,"32":0,"33":0,"34":0,"35":0,"36":0,"37":0,"38":0,"39":0,"40":0,"41":0,"42":0,"43":0,"44":0,"45":0,"46":0,"47":0,"48":0,"49":0,"50":0,"51":0,"52":0,"53":0,"54":0,"55":0,"56":0,"57":0,"58":0,"59":0,"60":0,"61":0,"62":0,"63":0,"64":0,"65":0,"66":0,"67":0,"68":0,"69":0,"70":0,"71":0,"72":0,"73":0,"74":0,"75":0,"76":0,"77":0,"78":0,"79":0,"80":0,"81":0,"82":0,"83":0,"84":0,"85":0,"86":0,"87":0,"88":0,"89":0,"90":0,"91":0,"92":0,"93":0,"94":0,"95":0,"96":0,"97":0,"98":0,"99":0,"100":0,"101":0,"102":0,"103":0,"104":0,"105":0,"106":0,"107":0,"108":0,"109":0,"110":0,"111":0,"112":0,"113":0,"114":0,"115":0,"116":0,"117":0,"118":0,"119":0,"120":0,"121":0,"122":0,"123":0,"124":0,"125":0,"126":0,"127":0,"128":0,"129":0,"130":0,"131":0,"132":0,"133":0,"134":0,"135":0,"136":0,"137":0,"138":0,"139":0,"140":0,"141":0,"142":0,"143":0,"144":0,"145":0,"146":0,"147":0,"148":0,"149":0,"150":0,"151":0,"152":0,"153":0,"154":0,"155":0,"156":0,"157":0,"158":0,"159":0,"160":0,"161":0,"162":0,"163":0,"164":0,"165":0,"166":0,"167":0,"168":0,"169":0,"170":0,"171":0,"172":0,"173":0,"174":0,"175":0,"176":0,"177":0,"178":0,"179":0,"180":0,"181":0,"182":0,"183":0,"184":0,"185":0,"186":0,"187":0,"188":0,"189":0,"190":0,"191":0,"192":0,"193":0,"194":0,"195":0,"196":0,"197":0,"198":0,"199":0,"200":0,"201":0,"202":0,"203":0,"204":0,"205":0,"206":0,"207":0,"208":0,"209":0,"210":0,"211":0,"212":0,"213":0,"214":0,"215":0,"216":0,"217":0,"218":0,"219":0,"220":0,"221":0,"222":0,"223":0,"224":0,"225":0,"226":0,"227":0,"228":0,"229":0,"230":0,"231":0,"232":0,"233":0,"234":0,"235":0,"236":0,"237":0,"238":0,"239":0,"240":0,"241":0,"242":0,"243":0,"244":0,"245":0,"246":0,"247":0,"248":0,"249":0,"250":0,"251":0,"252":0,"253":0,"254":0,"255":0,"256":0,"257":0,"258":0,"259":0,"260":0,"261":0,"262":0,"263":0,"264":0,"265":0,"266":0,"267":0,"268":0,"269":0,"270":0,"271":0,"272":0,"273":0,"274":0,"275":0,"276":0,"277":0,"278":0,"279":0,"280":0,"281":0,"282":0,"283":0,"284":0,"285":0,"286":0,"287":0,"288":0,"289":0,"290":0,"291":0,"292":0,"293":0,"294":0,"295":0,"296":0,"297":0,"298":0,"299":0,"300":0,"301":0,"302":0,"303":0,"304":0,"305":0,"306":0,"307":0,"308":0,"309":0,"310":0,"311":0,"312":0,"313":0,"314":0,"315":0,"316":0,"317":0,"318":0,"319":0,"320":0,"321":0,"322":0,"323":0,"324":0,"325":0,"326":0,"327":0,"328":0,"329":0,"330":0,"331":0,"332":0,"333":0,"334":0,"335":0,"336":0,"337":0,"338":0,"339":0,"340":0,"341":0,"342":0,"343":0,"344":0,"345":0,"346":0,"347":0,"348":0,"349":0,"350":0,"351":0,"352":0,"353":0,"354":0,"355":0,"356":0,"357":0,"358":0,"359":0,"360":0,"361":0,"362":0,"363":0,"364":0,"365":0,"366":0,"367":0,"368":0,"369":0,"370":0,"371":0,"372":0,"373":0,"374":0,"375":0,"376":0,"377":0,"378":0,"379":0,"380":0,"381":0,"382":0,"383":0,"384":0,"385":0,"386":0,"387":0,"388":0,"389":0,"390":0,"391":0,"392":0,"393":0,"394":0,"395":0,"396":0,"397":0,"398":0,"399":0,"400":0,"401":0,"402":0,"403":0,"404":0,"405":0,"406":0,"407":0,"408":0,"409":0,"410":0,"411":0,"412":0,"413":0,"414":0},"f":{"0":0,"1":0,"2":0,"3":0,"4":0,"5":0,"6":0,"7":0,"8":0,"9":0,"10":0,"11":0,"12":0,"13":0,"14":0,"15":0,"16":0,"17":0,"18":0,"19":0,"20":0,"21":0,"22":0,"23":0,"24":0,"25":0,"26":0,"27":0,"28":0,"29":0,"30":0,"31":0,"32":0,"33":0,"34":0,"35":0,"36":0,"37":0,"38":0,"39":0,"40":0,"41":0},"b":{"0":[0,0],"1":[0,0],"2":[0,0],"3":[0,0],"4":[0,0],"5":[0],"6":[0,0],"7":[0,0],"8":[0,0],"9":[0,0],"10":[0,0],"11":[0,0],"12":[0,0],"13":[0,0],"14":[0,0],"15":[0,0],"16":[0,0],"17":[0,0],"18":[0,0],"19":[0,0],"20":[0,0],"21":[0,0],"22":[0,0],"23":[0,0],"24":[0,0],"25":[0,0],"26":[0,0],"27":[0,0],"28":[0,0],"29":[0,0],"30":[0,0],"31":[0,0],"32":[0,0],"33":[0,0],"34":[0,0],"35":[0,0],"36":[0,0],"37":[0,0],"38":[0,0],"39":[0,0],"40":[0,0],"41":[0,0],"42":[0,0],"43":[0,0],"44":[0,0],"45":[0,0],"46":[0,0],"47":[0,0],"48":[0,0],"49":[0,0],"50":[0,0],"51":[0,0],"52":[0,0],"53":[0,0],"54":[0,0],"55":[0,0],"56":[0,0],"57":[0,0],"58":[0,0],"59":[0,0],"60":[0,0],"61":[0,0],"62":[0,0],"63":[0,0],"64":[0,0],"65":[0,0],"66":[0,0],"67":[0,0],"68":[0,0],"69":[0,0],"70":[0,0],"71":[0,0],"72":[0,0],"73":[0,0],"74":[0,0],"75":[0,0],"76":[0,0],"77":[0,0],"78":[0,0],"79":[0,0],"80":[0,0],"81":[0,0],"82":[0,0],"83":[0,0],"84":[0,0],"85":[0,0],"86":[0,0],"87":[0,0],"88":[0,0]}}
}
