TN:
SF:index.js
FN:29,(anonymous_0)
FN:63,(anonymous_1)
FN:103,(anonymous_2)
FN:118,(anonymous_3)
FN:127,(anonymous_4)
FNF:5
FNH:0
FNDA:0,(anonymous_0)
FNDA:0,(anonymous_1)
FNDA:0,(anonymous_2)
FNDA:0,(anonymous_3)
FNDA:0,(anonymous_4)
DA:1,0
DA:2,0
DA:3,0
DA:4,0
DA:5,0
DA:6,0
DA:11,0
DA:12,0
DA:13,0
DA:15,0
DA:16,0
DA:17,0
DA:20,0
DA:23,0
DA:28,0
DA:29,0
DA:30,0
DA:31,0
DA:33,0
DA:43,0
DA:56,0
DA:62,0
DA:65,0
DA:66,0
DA:67,0
DA:69,0
DA:76,0
DA:85,0
DA:92,0
DA:93,0
DA:94,0
DA:97,0
DA:98,0
DA:103,0
DA:104,0
DA:112,0
DA:113,0
DA:118,0
DA:119,0
DA:120,0
DA:126,0
DA:127,0
DA:128,0
DA:129,0
DA:130,0
DA:131,0
DA:132,0
DA:133,0
DA:134,0
DA:135,0
LF:50
LH:0
BRDA:11,0,0,0
BRDA:11,0,1,0
BRDA:15,1,0,0
BRDA:15,1,1,0
BRDA:28,2,0,0
BRDA:28,2,1,0
BRDA:30,3,0,0
BRDA:30,3,1,0
BRDA:65,4,0,0
BRDA:65,4,1,0
BRDA:66,5,0,0
BRDA:66,5,1,0
BRDA:107,6,0,0
BRDA:107,6,1,0
BRDA:122,7,0,0
BRDA:122,7,1,0
BRDA:126,8,0,0
BRDA:126,8,1,0
BRDA:131,9,0,0
BRDA:131,9,1,0
BRF:20
BRH:0
end_of_record
TN:
SF:config/db.js
FN:3,(anonymous_0)
FNF:1
FNH:0
FNDA:0,(anonymous_0)
DA:1,0
DA:3,0
DA:4,0
DA:5,0
DA:6,0
DA:8,0
DA:10,0
DA:14,0
LF:8
LH:0
BRF:0
BRH:0
end_of_record
TN:
SF:middleware/auth.js
FN:3,(anonymous_0)
FNF:1
FNH:0
FNDA:0,(anonymous_0)
DA:1,0
DA:3,0
DA:4,0
DA:5,0
DA:7,0
DA:8,0
DA:9,0
DA:10,0
DA:12,0
LF:9
LH:0
BRDA:5,0,0,0
BRDA:5,0,1,0
BRF:2
BRH:0
end_of_record
TN:
SF:models/DayRecord.js
FNF:0
FNH:0
DA:1,2
DA:3,2
DA:15,2
DA:23,2
DA:25,2
LF:5
LH:5
BRF:0
BRH:0
end_of_record
TN:
SF:models/DiaryEntry.js
FN:72,(anonymous_0)
FNF:1
FNH:1
FNDA:1,(anonymous_0)
DA:1,1
DA:3,1
DA:68,1
DA:69,1
DA:70,1
DA:72,1
DA:73,1
DA:74,1
DA:77,1
LF:9
LH:9
BRF:0
BRH:0
end_of_record
TN:
SF:models/Resource.js
FN:96,(anonymous_0)
FNF:1
FNH:1
FNDA:2,(anonymous_0)
DA:1,1
DA:3,1
DA:89,1
DA:90,1
DA:91,1
DA:92,1
DA:93,1
DA:96,1
DA:97,2
DA:98,2
DA:101,1
LF:11
LH:11
BRF:0
BRH:0
end_of_record
TN:
SF:models/User.js
FNF:0
FNH:0
DA:1,2
DA:3,2
DA:23,2
LF:3
LH:3
BRF:0
BRH:0
end_of_record
TN:
SF:routes/api-features.js
FN:23,(anonymous_0)
FN:45,(anonymous_1)
FN:81,(anonymous_2)
FN:105,(anonymous_3)
FN:125,(anonymous_4)
FN:147,(anonymous_5)
FN:167,(anonymous_6)
FN:196,(anonymous_7)
FN:214,(anonymous_8)
FN:254,(anonymous_9)
FN:274,(anonymous_10)
FN:294,(anonymous_11)
FN:320,(anonymous_12)
FN:343,(anonymous_13)
FN:371,(anonymous_14)
FN:380,(anonymous_15)
FN:402,(anonymous_16)
FN:424,(anonymous_17)
FN:445,(anonymous_18)
FN:463,(anonymous_19)
FN:483,(anonymous_20)
FN:505,(anonymous_21)
FN:527,(anonymous_22)
FN:565,(anonymous_23)
FN:586,(anonymous_24)
FN:608,(anonymous_25)
FN:628,(anonymous_26)
FN:650,(anonymous_27)
FN:668,(anonymous_28)
FN:702,(anonymous_29)
FN:727,(anonymous_30)
FNF:31
FNH:0
FNDA:0,(anonymous_0)
FNDA:0,(anonymous_1)
FNDA:0,(anonymous_2)
FNDA:0,(anonymous_3)
FNDA:0,(anonymous_4)
FNDA:0,(anonymous_5)
FNDA:0,(anonymous_6)
FNDA:0,(anonymous_7)
FNDA:0,(anonymous_8)
FNDA:0,(anonymous_9)
FNDA:0,(anonymous_10)
FNDA:0,(anonymous_11)
FNDA:0,(anonymous_12)
FNDA:0,(anonymous_13)
FNDA:0,(anonymous_14)
FNDA:0,(anonymous_15)
FNDA:0,(anonymous_16)
FNDA:0,(anonymous_17)
FNDA:0,(anonymous_18)
FNDA:0,(anonymous_19)
FNDA:0,(anonymous_20)
FNDA:0,(anonymous_21)
FNDA:0,(anonymous_22)
FNDA:0,(anonymous_23)
FNDA:0,(anonymous_24)
FNDA:0,(anonymous_25)
FNDA:0,(anonymous_26)
FNDA:0,(anonymous_27)
FNDA:0,(anonymous_28)
FNDA:0,(anonymous_29)
FNDA:0,(anonymous_30)
DA:1,0
DA:2,0
DA:3,0
DA:4,0
DA:18,0
DA:24,0
DA:25,0
DA:26,0
DA:29,0
DA:30,0
DA:31,0
DA:36,0
DA:37,0
DA:39,0
DA:40,0
DA:45,0
DA:46,0
DA:47,0
DA:48,0
DA:49,0
DA:50,0
DA:51,0
DA:53,0
DA:54,0
DA:56,0
DA:65,0
DA:70,0
DA:75,0
DA:76,0
DA:81,0
DA:82,0
DA:83,0
DA:84,0
DA:85,0
DA:87,0
DA:88,0
DA:90,0
DA:97,0
DA:99,0
DA:100,0
DA:105,0
DA:106,0
DA:107,0
DA:108,0
DA:113,0
DA:114,0
DA:117,0
DA:119,0
DA:120,0
DA:125,0
DA:126,0
DA:127,0
DA:128,0
DA:133,0
DA:134,0
DA:137,0
DA:138,0
DA:139,0
DA:141,0
DA:142,0
DA:147,0
DA:148,0
DA:149,0
DA:150,0
DA:155,0
DA:156,0
DA:159,0
DA:161,0
DA:162,0
DA:167,0
DA:168,0
DA:169,0
DA:170,0
DA:191,0
DA:192,0
DA:194,0
DA:196,0
DA:199,0
DA:200,0
DA:209,0
DA:215,0
DA:216,0
DA:217,0
DA:220,0
DA:221,0
DA:222,0
DA:224,0
DA:229,0
DA:230,0
DA:231,0
DA:233,0
DA:243,0
DA:246,0
DA:248,0
DA:249,0
DA:254,0
DA:255,0
DA:256,0
DA:257,0
DA:262,0
DA:263,0
DA:266,0
DA:268,0
DA:269,0
DA:274,0
DA:275,0
DA:276,0
DA:277,0
DA:279,0
DA:286,0
DA:288,0
DA:289,0
DA:294,0
DA:295,0
DA:296,0
DA:297,0
DA:298,0
DA:299,0
DA:301,0
DA:307,0
DA:309,0
DA:314,0
DA:315,0
DA:320,0
DA:321,0
DA:322,0
DA:323,0
DA:324,0
DA:325,0
DA:326,0
DA:328,0
DA:335,0
DA:337,0
DA:338,0
DA:343,0
DA:344,0
DA:345,0
DA:346,0
DA:366,0
DA:367,0
DA:369,0
DA:371,0
DA:374,0
DA:375,0
DA:380,0
DA:381,0
DA:382,0
DA:383,0
DA:388,0
DA:389,0
DA:392,0
DA:393,0
DA:394,0
DA:396,0
DA:397,0
DA:402,0
DA:403,0
DA:404,0
DA:405,0
DA:410,0
DA:412,0
DA:413,0
DA:422,0
DA:425,0
DA:426,0
DA:427,0
DA:430,0
DA:431,0
DA:432,0
DA:436,0
DA:437,0
DA:439,0
DA:440,0
DA:445,0
DA:446,0
DA:447,0
DA:448,0
DA:455,0
DA:457,0
DA:458,0
DA:463,0
DA:464,0
DA:465,0
DA:466,0
DA:471,0
DA:472,0
DA:475,0
DA:477,0
DA:478,0
DA:483,0
DA:484,0
DA:485,0
DA:486,0
DA:491,0
DA:492,0
DA:495,0
DA:496,0
DA:497,0
DA:499,0
DA:500,0
DA:505,0
DA:506,0
DA:507,0
DA:508,0
DA:513,0
DA:514,0
DA:517,0
DA:518,0
DA:519,0
DA:521,0
DA:522,0
DA:527,0
DA:528,0
DA:529,0
DA:531,0
DA:537,0
DA:542,0
DA:543,0
DA:546,0
DA:547,0
DA:548,0
DA:550,0
DA:551,0
DA:560,0
DA:566,0
DA:567,0
DA:568,0
DA:571,0
DA:572,0
DA:573,0
DA:577,0
DA:578,0
DA:580,0
DA:581,0
DA:586,0
DA:587,0
DA:588,0
DA:589,0
DA:590,0
DA:592,0
DA:600,0
DA:602,0
DA:603,0
DA:608,0
DA:609,0
DA:610,0
DA:611,0
DA:616,0
DA:617,0
DA:620,0
DA:622,0
DA:623,0
DA:628,0
DA:629,0
DA:630,0
DA:631,0
DA:636,0
DA:637,0
DA:640,0
DA:641,0
DA:642,0
DA:644,0
DA:645,0
DA:650,0
DA:651,0
DA:652,0
DA:653,0
DA:658,0
DA:660,0
DA:661,0
DA:666,0
DA:669,0
DA:670,0
DA:671,0
DA:674,0
DA:675,0
DA:676,0
DA:681,0
DA:682,0
DA:685,0
DA:688,0
DA:689,0
DA:690,0
DA:693,0
DA:694,0
DA:696,0
DA:697,0
DA:702,0
DA:703,0
DA:704,0
DA:705,0
DA:710,0
DA:711,0
DA:714,0
DA:715,0
DA:716,0
DA:717,0
DA:719,0
DA:721,0
DA:722,0
DA:727,0
DA:728,0
DA:729,0
DA:730,0
DA:731,0
DA:732,0
DA:734,0
DA:740,0
DA:741,0
DA:745,0
LF:310
LH:0
BRDA:25,0,0,0
BRDA:25,0,1,0
BRDA:34,1,0,0
BRDA:34,1,1,0
BRDA:49,2,0,0
BRDA:49,2,1,0
BRDA:113,3,0,0
BRDA:113,3,1,0
BRDA:133,4,0,0
BRDA:133,4,1,0
BRDA:155,5,0,0
BRDA:155,5,1,0
BRDA:191,6,0,0
BRDA:191,6,1,0
BRDA:192,7,0,0
BRDA:192,7,1,0
BRDA:216,8,0,0
BRDA:216,8,1,0
BRDA:229,9,0,0
BRDA:229,9,1,0
BRDA:237,10,0,0
BRDA:237,10,1,0
BRDA:238,11,0,0
BRDA:238,11,1,0
BRDA:239,12,0,0
BRDA:239,12,1,0
BRDA:240,13,0,0
BRDA:240,13,1,0
BRDA:241,14,0,0
BRDA:241,14,1,0
BRDA:262,15,0,0
BRDA:262,15,1,0
BRDA:297,16,0,0
BRDA:297,16,1,0
BRDA:366,17,0,0
BRDA:366,17,1,0
BRDA:367,18,0,0
BRDA:367,18,1,0
BRDA:388,19,0,0
BRDA:388,19,1,0
BRDA:426,20,0,0
BRDA:426,20,1,0
BRDA:471,21,0,0
BRDA:471,21,1,0
BRDA:491,22,0,0
BRDA:491,22,1,0
BRDA:513,23,0,0
BRDA:513,23,1,0
BRDA:542,24,0,0
BRDA:542,24,1,0
BRDA:567,25,0,0
BRDA:567,25,1,0
BRDA:616,26,0,0
BRDA:616,26,1,0
BRDA:636,27,0,0
BRDA:636,27,1,0
BRDA:670,28,0,0
BRDA:670,28,1,0
BRDA:681,29,0,0
BRDA:681,29,1,0
BRDA:688,30,0,0
BRDA:688,30,1,0
BRDA:710,31,0,0
BRDA:710,31,1,0
BRF:64
BRH:0
end_of_record
TN:
SF:routes/api.js
FN:17,(anonymous_0)
FN:36,(anonymous_1)
FN:55,(anonymous_2)
FN:83,(anonymous_3)
FN:97,(anonymous_4)
FN:121,(anonymous_5)
FN:135,(anonymous_6)
FN:173,(anonymous_7)
FN:204,(anonymous_8)
FN:220,(anonymous_9)
FN:255,(anonymous_10)
FN:274,(anonymous_11)
FN:288,(anonymous_12)
FN:303,(anonymous_13)
FN:344,(anonymous_14)
FN:384,(anonymous_15)
FN:401,(anonymous_16)
FN:442,(anonymous_17)
FN:448,(anonymous_18)
FN:506,(anonymous_19)
FN:536,(anonymous_20)
FN:566,(anonymous_21)
FN:610,(anonymous_22)
FN:651,(anonymous_23)
FN:700,(anonymous_24)
FN:701,(anonymous_25)
FN:710,(anonymous_26)
FN:735,(anonymous_27)
FN:752,(anonymous_28)
FN:772,(anonymous_29)
FN:791,(anonymous_30)
FN:816,(anonymous_31)
FN:843,(anonymous_32)
FN:877,(anonymous_33)
FN:916,(anonymous_34)
FN:935,(anonymous_35)
FN:954,(anonymous_36)
FN:979,(anonymous_37)
FN:1001,(anonymous_38)
FN:1028,(anonymous_39)
FN:1037,(anonymous_40)
FN:1058,(anonymous_41)
FNF:42
FNH:0
FNDA:0,(anonymous_0)
FNDA:0,(anonymous_1)
FNDA:0,(anonymous_2)
FNDA:0,(anonymous_3)
FNDA:0,(anonymous_4)
FNDA:0,(anonymous_5)
FNDA:0,(anonymous_6)
FNDA:0,(anonymous_7)
FNDA:0,(anonymous_8)
FNDA:0,(anonymous_9)
FNDA:0,(anonymous_10)
FNDA:0,(anonymous_11)
FNDA:0,(anonymous_12)
FNDA:0,(anonymous_13)
FNDA:0,(anonymous_14)
FNDA:0,(anonymous_15)
FNDA:0,(anonymous_16)
FNDA:0,(anonymous_17)
FNDA:0,(anonymous_18)
FNDA:0,(anonymous_19)
FNDA:0,(anonymous_20)
FNDA:0,(anonymous_21)
FNDA:0,(anonymous_22)
FNDA:0,(anonymous_23)
FNDA:0,(anonymous_24)
FNDA:0,(anonymous_25)
FNDA:0,(anonymous_26)
FNDA:0,(anonymous_27)
FNDA:0,(anonymous_28)
FNDA:0,(anonymous_29)
FNDA:0,(anonymous_30)
FNDA:0,(anonymous_31)
FNDA:0,(anonymous_32)
FNDA:0,(anonymous_33)
FNDA:0,(anonymous_34)
FNDA:0,(anonymous_35)
FNDA:0,(anonymous_36)
FNDA:0,(anonymous_37)
FNDA:0,(anonymous_38)
FNDA:0,(anonymous_39)
FNDA:0,(anonymous_40)
FNDA:0,(anonymous_41)
DA:1,0
DA:2,0
DA:3,0
DA:4,0
DA:5,0
DA:6,0
DA:7,0
DA:8,0
DA:9,0
DA:10,0
DA:11,0
DA:17,0
DA:18,0
DA:19,0
DA:22,0
DA:23,0
DA:26,0
DA:29,0
DA:30,0
DA:31,0
DA:33,0
DA:36,0
DA:37,0
DA:38,0
DA:45,0
DA:56,0
DA:57,0
DA:58,0
DA:64,0
DA:66,0
DA:67,0
DA:68,0
DA:69,0
DA:72,0
DA:73,0
DA:75,0
DA:76,0
DA:78,0
DA:79,0
DA:84,0
DA:85,0
DA:89,0
DA:90,0
DA:94,0
DA:98,0
DA:99,0
DA:100,0
DA:103,0
DA:105,0
DA:106,0
DA:107,0
DA:108,0
DA:111,0
DA:112,0
DA:113,0
DA:116,0
DA:117,0
DA:122,0
DA:123,0
DA:127,0
DA:128,0
DA:133,0
DA:136,0
DA:137,0
DA:138,0
DA:141,0
DA:142,0
DA:143,0
DA:145,0
DA:149,0
DA:150,0
DA:151,0
DA:152,0
DA:156,0
DA:162,0
DA:163,0
DA:168,0
DA:174,0
DA:175,0
DA:176,0
DA:179,0
DA:180,0
DA:182,0
DA:187,0
DA:188,0
DA:192,0
DA:193,0
DA:194,0
DA:195,0
DA:196,0
DA:199,0
DA:200,0
DA:205,0
DA:206,0
DA:210,0
DA:211,0
DA:220,0
DA:221,0
DA:222,0
DA:223,0
DA:224,0
DA:226,0
DA:234,0
DA:239,0
DA:249,0
DA:250,0
DA:255,0
DA:256,0
DA:257,0
DA:262,0
DA:264,0
DA:274,0
DA:278,0
DA:280,0
DA:281,0
DA:286,0
DA:289,0
DA:290,0
DA:292,0
DA:304,0
DA:305,0
DA:306,0
DA:312,0
DA:314,0
DA:315,0
DA:318,0
DA:324,0
DA:325,0
DA:326,0
DA:328,0
DA:333,0
DA:336,0
DA:338,0
DA:339,0
DA:344,0
DA:345,0
DA:346,0
DA:349,0
DA:350,0
DA:353,0
DA:354,0
DA:355,0
DA:359,0
DA:360,0
DA:361,0
DA:364,0
DA:366,0
DA:367,0
DA:368,0
DA:370,0
DA:371,0
DA:374,0
DA:375,0
DA:384,0
DA:385,0
DA:386,0
DA:387,0
DA:395,0
DA:396,0
DA:401,0
DA:402,0
DA:403,0
DA:405,0
DA:406,0
DA:416,0
DA:417,0
DA:418,0
DA:419,0
DA:420,0
DA:422,0
DA:428,0
DA:435,0
DA:436,0
DA:441,0
DA:443,0
DA:444,0
DA:446,0
DA:449,0
DA:450,0
DA:451,0
DA:452,0
DA:455,0
DA:456,0
DA:458,0
DA:459,0
DA:463,0
DA:464,0
DA:468,0
DA:469,0
DA:470,0
DA:472,0
DA:473,0
DA:477,0
DA:482,0
DA:483,0
DA:487,0
DA:488,0
DA:489,0
DA:490,0
DA:491,0
DA:493,0
DA:500,0
DA:501,0
DA:506,0
DA:507,0
DA:508,0
DA:509,0
DA:517,0
DA:518,0
DA:527,0
DA:537,0
DA:538,0
DA:539,0
DA:542,0
DA:543,0
DA:557,0
DA:558,0
DA:560,0
DA:561,0
DA:566,0
DA:567,0
DA:568,0
DA:569,0
DA:570,0
DA:572,0
DA:574,0
DA:575,0
DA:577,0
DA:579,0
DA:580,0
DA:581,0
DA:582,0
DA:585,0
DA:586,0
DA:592,0
DA:594,0
DA:604,0
DA:605,0
DA:610,0
DA:611,0
DA:612,0
DA:613,0
DA:614,0
DA:615,0
DA:617,0
DA:627,0
DA:633,0
DA:635,0
DA:645,0
DA:646,0
DA:651,0
DA:652,0
DA:653,0
DA:694,0
DA:695,0
DA:696,0
DA:698,0
DA:700,0
DA:701,0
DA:704,0
DA:705,0
DA:710,0
DA:711,0
DA:712,0
DA:717,0
DA:718,0
DA:721,0
DA:723,0
DA:724,0
DA:729,0
DA:736,0
DA:737,0
DA:738,0
DA:741,0
DA:742,0
DA:747,0
DA:748,0
DA:751,0
DA:752,0
DA:753,0
DA:754,0
DA:759,0
DA:760,0
DA:763,0
DA:764,0
DA:766,0
DA:767,0
DA:772,0
DA:773,0
DA:774,0
DA:779,0
DA:780,0
DA:783,0
DA:785,0
DA:786,0
DA:791,0
DA:792,0
DA:793,0
DA:798,0
DA:799,0
DA:802,0
DA:803,0
DA:804,0
DA:806,0
DA:808,0
DA:809,0
DA:814,0
DA:817,0
DA:818,0
DA:819,0
DA:822,0
DA:823,0
DA:828,0
DA:829,0
DA:832,0
DA:833,0
DA:835,0
DA:837,0
DA:838,0
DA:843,0
DA:844,0
DA:845,0
DA:850,0
DA:851,0
DA:854,0
DA:855,0
DA:857,0
DA:862,0
DA:863,0
DA:872,0
DA:878,0
DA:879,0
DA:880,0
DA:883,0
DA:884,0
DA:886,0
DA:891,0
DA:892,0
DA:893,0
DA:895,0
DA:905,0
DA:908,0
DA:910,0
DA:911,0
DA:916,0
DA:917,0
DA:918,0
DA:923,0
DA:924,0
DA:927,0
DA:929,0
DA:930,0
DA:935,0
DA:936,0
DA:937,0
DA:939,0
DA:946,0
DA:948,0
DA:949,0
DA:954,0
DA:955,0
DA:956,0
DA:957,0
DA:958,0
DA:960,0
DA:966,0
DA:968,0
DA:973,0
DA:974,0
DA:979,0
DA:980,0
DA:981,0
DA:982,0
DA:983,0
DA:984,0
DA:986,0
DA:993,0
DA:995,0
DA:996,0
DA:1001,0
DA:1002,0
DA:1003,0
DA:1023,0
DA:1024,0
DA:1026,0
DA:1028,0
DA:1031,0
DA:1032,0
DA:1037,0
DA:1038,0
DA:1039,0
DA:1044,0
DA:1045,0
DA:1048,0
DA:1049,0
DA:1050,0
DA:1052,0
DA:1053,0
DA:1058,0
DA:1059,0
DA:1060,0
DA:1065,0
DA:1067,0
DA:1068,0
DA:1072,0
LF:405
LH:0
BRDA:22,0,0,0
BRDA:22,0,1,0
BRDA:23,1,0,0
BRDA:23,1,1,0
BRDA:26,2,0,0
BRDA:26,2,1,0
BRDA:26,3,0,0
BRDA:26,3,1,0
BRDA:31,4,0,0
BRDA:31,4,1,0
BRDA:36,5,0,0
BRDA:37,6,0,0
BRDA:37,6,1,0
BRDA:57,7,0,0
BRDA:57,7,1,0
BRDA:68,8,0,0
BRDA:68,8,1,0
BRDA:84,9,0,0
BRDA:84,9,1,0
BRDA:99,10,0,0
BRDA:99,10,1,0
BRDA:107,11,0,0
BRDA:107,11,1,0
BRDA:112,12,0,0
BRDA:112,12,1,0
BRDA:122,13,0,0
BRDA:122,13,1,0
BRDA:137,14,0,0
BRDA:137,14,1,0
BRDA:143,15,0,0
BRDA:143,15,1,0
BRDA:159,16,0,0
BRDA:159,16,1,0
BRDA:175,17,0,0
BRDA:175,17,1,0
BRDA:187,18,0,0
BRDA:187,18,1,0
BRDA:205,19,0,0
BRDA:205,19,1,0
BRDA:222,20,0,0
BRDA:222,20,1,0
BRDA:223,21,0,0
BRDA:223,21,1,0
BRDA:289,22,0,0
BRDA:289,22,1,0
BRDA:305,23,0,0
BRDA:305,23,1,0
BRDA:321,24,0,0
BRDA:321,24,1,0
BRDA:324,25,0,0
BRDA:324,25,1,0
BRDA:349,26,0,0
BRDA:349,26,1,0
BRDA:354,27,0,0
BRDA:354,27,1,0
BRDA:360,28,0,0
BRDA:360,28,1,0
BRDA:366,29,0,0
BRDA:366,29,1,0
BRDA:387,30,0,0
BRDA:387,30,1,0
BRDA:405,31,0,0
BRDA:405,31,1,0
BRDA:416,32,0,0
BRDA:416,32,1,0
BRDA:443,33,0,0
BRDA:443,33,1,0
BRDA:451,34,0,0
BRDA:451,34,1,0
BRDA:458,35,0,0
BRDA:458,35,1,0
BRDA:458,36,0,0
BRDA:458,36,1,0
BRDA:463,37,0,0
BRDA:463,37,1,0
BRDA:472,38,0,0
BRDA:472,38,1,0
BRDA:482,39,0,0
BRDA:482,39,1,0
BRDA:482,40,0,0
BRDA:482,40,1,0
BRDA:510,41,0,0
BRDA:510,41,1,0
BRDA:511,42,0,0
BRDA:511,42,1,0
BRDA:512,43,0,0
BRDA:512,43,1,0
BRDA:513,44,0,0
BRDA:513,44,1,0
BRDA:514,45,0,0
BRDA:514,45,1,0
BRDA:538,46,0,0
BRDA:538,46,1,0
BRDA:546,47,0,0
BRDA:546,47,1,0
BRDA:548,48,0,0
BRDA:548,48,1,0
BRDA:549,49,0,0
BRDA:549,49,1,0
BRDA:550,50,0,0
BRDA:550,50,1,0
BRDA:551,51,0,0
BRDA:551,51,1,0
BRDA:552,52,0,0
BRDA:552,52,1,0
BRDA:553,53,0,0
BRDA:553,53,1,0
BRDA:554,54,0,0
BRDA:554,54,1,0
BRDA:568,55,0,0
BRDA:568,55,1,0
BRDA:574,56,0,0
BRDA:574,56,1,0
BRDA:579,57,0,0
BRDA:579,57,1,0
BRDA:580,58,0,0
BRDA:580,58,1,0
BRDA:581,59,0,0
BRDA:581,59,1,0
BRDA:582,60,0,0
BRDA:582,60,1,0
BRDA:585,61,0,0
BRDA:585,61,1,0
BRDA:613,62,0,0
BRDA:613,62,1,0
BRDA:694,63,0,0
BRDA:694,63,1,0
BRDA:695,64,0,0
BRDA:695,64,1,0
BRDA:696,65,0,0
BRDA:696,65,1,0
BRDA:717,66,0,0
BRDA:717,66,1,0
BRDA:737,67,0,0
BRDA:737,67,1,0
BRDA:747,68,0,0
BRDA:747,68,1,0
BRDA:753,69,0,0
BRDA:753,69,1,0
BRDA:759,70,0,0
BRDA:759,70,1,0
BRDA:759,71,0,0
BRDA:759,71,1,0
BRDA:779,72,0,0
BRDA:779,72,1,0
BRDA:798,73,0,0
BRDA:798,73,1,0
BRDA:818,74,0,0
BRDA:818,74,1,0
BRDA:828,75,0,0
BRDA:828,75,1,0
BRDA:850,76,0,0
BRDA:850,76,1,0
BRDA:879,77,0,0
BRDA:879,77,1,0
BRDA:891,78,0,0
BRDA:891,78,1,0
BRDA:899,79,0,0
BRDA:899,79,1,0
BRDA:900,80,0,0
BRDA:900,80,1,0
BRDA:901,81,0,0
BRDA:901,81,1,0
BRDA:902,82,0,0
BRDA:902,82,1,0
BRDA:903,83,0,0
BRDA:903,83,1,0
BRDA:923,84,0,0
BRDA:923,84,1,0
BRDA:956,85,0,0
BRDA:956,85,1,0
BRDA:1023,86,0,0
BRDA:1023,86,1,0
BRDA:1024,87,0,0
BRDA:1024,87,1,0
BRDA:1044,88,0,0
BRDA:1044,88,1,0
BRF:177
BRH:0
end_of_record
